This is pdfTeX, Version 3.141592653-2.6-1.40.27 (MiKTeX 25.4) (preloaded format=pdflatex 2025.7.5)  3 OCT 2025 20:27
entering extended mode
 restricted \write18 enabled.
 %&-line parsing enabled.
**./main.tex
(main.tex
LaTeX2e <2025-06-01> patch level 1
L3 programming layer <2025-06-09>
(/home/bremdow/.miktex/texmfs/install/tex/latex/base/book.cls
Document Class: book 2025/01/22 v1.4n Standard LaTeX document class
(/home/bremdow/.miktex/texmfs/install/tex/latex/base/bk12.clo
File: bk12.clo 2025/01/22 v1.4n Standard LaTeX file (size option)
)
\c@part=\count275
\c@chapter=\count276
\c@section=\count277
\c@subsection=\count278
\c@subsubsection=\count279
\c@paragraph=\count280
\c@subparagraph=\count281
\c@figure=\count282
\c@table=\count283
\abovecaptionskip=\skip49
\belowcaptionskip=\skip50
\bibindent=\dimen148
)
(contenido/includes.tex
(/home/bremdow/.miktex/texmfs/install/tex/generic/babel/babel.sty
Package: babel 2025/05/14 v25.9 The multilingual framework for pdfLaTeX, LuaLaT
eX and XeLaTeX
\babel@savecnt=\count284
LaTeX Encoding Info:    Redeclaring text command \ij (encoding OT1) on input li
ne 2043.
LaTeX Encoding Info:    Redeclaring text command \IJ (encoding OT1) on input li
ne 2045.
LaTeX Encoding Info:    Redeclaring text command \ij (encoding T1) on input lin
e 2047.
LaTeX Encoding Info:    Redeclaring text command \IJ (encoding T1) on input lin
e 2048.
LaTeX Encoding Info:    Ignoring declaration for text command \ij (encoding ?) 
on input line 2049.
LaTeX Encoding Info:    Ignoring declaration for text command \IJ (encoding ?) 
on input line 2051.
LaTeX Encoding Info:    Ignoring declaration for text command \SS (encoding ?) 
on input line 2076.
\U@D=\dimen149
\l@unhyphenated=\language1

(/home/bremdow/.miktex/texmfs/install/tex/generic/babel/txtbabel.def)
\bbl@readstream=\read2
\bbl@dirlevel=\count285

*************************************
* Local config file bblopts.cfg used
*
(/home/bremdow/.miktex/texmfs/install/tex/latex/arabi/bblopts.cfg
File: bblopts.cfg 2005/09/08 v0.1 add Arabic and Farsi to "declared" options of
 babel
)
(/home/bremdow/.miktex/texmfs/install/tex/latex/babel-spanish/spanish.ldf
Language: spanish.ldf 2021/05/27 v5.0q Spanish support from the babel system

(/home/bremdow/.miktex/texmfs/install/tex/generic/babel/locale/es/babel-spanish
.tex
Package babel Info: Importing font and identification data for spanish
(babel)             from babel-es.ini. Reported on input line 11.
)

Package babel Warning: No hyphenation patterns were preloaded for
(babel)                the language 'Spanish' into the format.
(babel)                Please, configure your TeX system to add them and
(babel)                rebuild the format. Now I will use the patterns
(babel)                preloaded for \language=0 instead on input line 51.

\es@quottoks=\toks17
\es@quotdepth=\count286
Package babel Info: Making " an active character on input line 570.
Package babel Info: Making . an active character on input line 675.
Package babel Info: Making < an active character on input line 722.
Package babel Info: Making > an active character on input line 722.
))
LaTeX Encoding Info:    Redeclaring text command \guillemotleft (encoding OT1) 
on input line 2.
LaTeX Encoding Info:    Redeclaring text command \guillemotright (encoding OT1)
 on input line 2.
 (/home/bremdow/.miktex/texmfs/install/tex/latex/base/inputenc.sty
Package: inputenc 2024/02/08 v1.3d Input encoding file
\inpenc@prehook=\toks18
\inpenc@posthook=\toks19

(/home/bremdow/.miktex/texmfs/install/tex/latex/base/utf8.def
File: utf8.def 2022/06/07 v1.3c UTF-8 support
Now handling font encoding OML ...
... no UTF-8 mapping file for font encoding OML
Now handling font encoding OMS ...
... processing UTF-8 mapping file for font encoding OMS

(/home/bremdow/.miktex/texmfs/install/tex/latex/base/omsenc.dfu
File: omsenc.dfu 2022/06/07 v1.3c UTF-8 support
   defining Unicode char U+00A7 (decimal 167)
   defining Unicode char U+00B6 (decimal 182)
   defining Unicode char U+00B7 (decimal 183)
   defining Unicode char U+2020 (decimal 8224)
   defining Unicode char U+2021 (decimal 8225)
   defining Unicode char U+2022 (decimal 8226)
)
Now handling font encoding OT1 ...
... processing UTF-8 mapping file for font encoding OT1

(/home/bremdow/.miktex/texmfs/install/tex/latex/base/ot1enc.dfu
File: ot1enc.dfu 2022/06/07 v1.3c UTF-8 support
   defining Unicode char U+00A0 (decimal 160)
   defining Unicode char U+00A1 (decimal 161)
   defining Unicode char U+00A3 (decimal 163)
   defining Unicode char U+00AD (decimal 173)
   defining Unicode char U+00B8 (decimal 184)
   defining Unicode char U+00BF (decimal 191)
   defining Unicode char U+00C5 (decimal 197)
   defining Unicode char U+00C6 (decimal 198)
   defining Unicode char U+00D8 (decimal 216)
   defining Unicode char U+00DF (decimal 223)
   defining Unicode char U+00E6 (decimal 230)
   defining Unicode char U+00EC (decimal 236)
   defining Unicode char U+00ED (decimal 237)
   defining Unicode char U+00EE (decimal 238)
   defining Unicode char U+00EF (decimal 239)
   defining Unicode char U+00F8 (decimal 248)
   defining Unicode char U+0131 (decimal 305)
   defining Unicode char U+0141 (decimal 321)
   defining Unicode char U+0142 (decimal 322)
   defining Unicode char U+0152 (decimal 338)
   defining Unicode char U+0153 (decimal 339)
   defining Unicode char U+0174 (decimal 372)
   defining Unicode char U+0175 (decimal 373)
   defining Unicode char U+0176 (decimal 374)
   defining Unicode char U+0177 (decimal 375)
   defining Unicode char U+0218 (decimal 536)
   defining Unicode char U+0219 (decimal 537)
   defining Unicode char U+021A (decimal 538)
   defining Unicode char U+021B (decimal 539)
   defining Unicode char U+0237 (decimal 567)
   defining Unicode char U+2013 (decimal 8211)
   defining Unicode char U+2014 (decimal 8212)
   defining Unicode char U+2018 (decimal 8216)
   defining Unicode char U+2019 (decimal 8217)
   defining Unicode char U+201C (decimal 8220)
   defining Unicode char U+201D (decimal 8221)
   defining Unicode char U+FB00 (decimal 64256)
   defining Unicode char U+FB01 (decimal 64257)
   defining Unicode char U+FB02 (decimal 64258)
   defining Unicode char U+FB03 (decimal 64259)
   defining Unicode char U+FB04 (decimal 64260)
   defining Unicode char U+FB05 (decimal 64261)
   defining Unicode char U+FB06 (decimal 64262)
)
Now handling font encoding T1 ...
... processing UTF-8 mapping file for font encoding T1

(/home/bremdow/.miktex/texmfs/install/tex/latex/base/t1enc.dfu
File: t1enc.dfu 2022/06/07 v1.3c UTF-8 support
   defining Unicode char U+00A0 (decimal 160)
   defining Unicode char U+00A1 (decimal 161)
   defining Unicode char U+00A3 (decimal 163)
   defining Unicode char U+00AB (decimal 171)
   defining Unicode char U+00AD (decimal 173)
   defining Unicode char U+00BB (decimal 187)
   defining Unicode char U+00BF (decimal 191)
   defining Unicode char U+00C0 (decimal 192)
   defining Unicode char U+00C1 (decimal 193)
   defining Unicode char U+00C2 (decimal 194)
   defining Unicode char U+00C3 (decimal 195)
   defining Unicode char U+00C4 (decimal 196)
   defining Unicode char U+00C5 (decimal 197)
   defining Unicode char U+00C6 (decimal 198)
   defining Unicode char U+00C7 (decimal 199)
   defining Unicode char U+00C8 (decimal 200)
   defining Unicode char U+00C9 (decimal 201)
   defining Unicode char U+00CA (decimal 202)
   defining Unicode char U+00CB (decimal 203)
   defining Unicode char U+00CC (decimal 204)
   defining Unicode char U+00CD (decimal 205)
   defining Unicode char U+00CE (decimal 206)
   defining Unicode char U+00CF (decimal 207)
   defining Unicode char U+00D0 (decimal 208)
   defining Unicode char U+00D1 (decimal 209)
   defining Unicode char U+00D2 (decimal 210)
   defining Unicode char U+00D3 (decimal 211)
   defining Unicode char U+00D4 (decimal 212)
   defining Unicode char U+00D5 (decimal 213)
   defining Unicode char U+00D6 (decimal 214)
   defining Unicode char U+00D8 (decimal 216)
   defining Unicode char U+00D9 (decimal 217)
   defining Unicode char U+00DA (decimal 218)
   defining Unicode char U+00DB (decimal 219)
   defining Unicode char U+00DC (decimal 220)
   defining Unicode char U+00DD (decimal 221)
   defining Unicode char U+00DE (decimal 222)
   defining Unicode char U+00DF (decimal 223)
   defining Unicode char U+00E0 (decimal 224)
   defining Unicode char U+00E1 (decimal 225)
   defining Unicode char U+00E2 (decimal 226)
   defining Unicode char U+00E3 (decimal 227)
   defining Unicode char U+00E4 (decimal 228)
   defining Unicode char U+00E5 (decimal 229)
   defining Unicode char U+00E6 (decimal 230)
   defining Unicode char U+00E7 (decimal 231)
   defining Unicode char U+00E8 (decimal 232)
   defining Unicode char U+00E9 (decimal 233)
   defining Unicode char U+00EA (decimal 234)
   defining Unicode char U+00EB (decimal 235)
   defining Unicode char U+00EC (decimal 236)
   defining Unicode char U+00ED (decimal 237)
   defining Unicode char U+00EE (decimal 238)
   defining Unicode char U+00EF (decimal 239)
   defining Unicode char U+00F0 (decimal 240)
   defining Unicode char U+00F1 (decimal 241)
   defining Unicode char U+00F2 (decimal 242)
   defining Unicode char U+00F3 (decimal 243)
   defining Unicode char U+00F4 (decimal 244)
   defining Unicode char U+00F5 (decimal 245)
   defining Unicode char U+00F6 (decimal 246)
   defining Unicode char U+00F8 (decimal 248)
   defining Unicode char U+00F9 (decimal 249)
   defining Unicode char U+00FA (decimal 250)
   defining Unicode char U+00FB (decimal 251)
   defining Unicode char U+00FC (decimal 252)
   defining Unicode char U+00FD (decimal 253)
   defining Unicode char U+00FE (decimal 254)
   defining Unicode char U+00FF (decimal 255)
   defining Unicode char U+0100 (decimal 256)
   defining Unicode char U+0101 (decimal 257)
   defining Unicode char U+0102 (decimal 258)
   defining Unicode char U+0103 (decimal 259)
   defining Unicode char U+0104 (decimal 260)
   defining Unicode char U+0105 (decimal 261)
   defining Unicode char U+0106 (decimal 262)
   defining Unicode char U+0107 (decimal 263)
   defining Unicode char U+0108 (decimal 264)
   defining Unicode char U+0109 (decimal 265)
   defining Unicode char U+010A (decimal 266)
   defining Unicode char U+010B (decimal 267)
   defining Unicode char U+010C (decimal 268)
   defining Unicode char U+010D (decimal 269)
   defining Unicode char U+010E (decimal 270)
   defining Unicode char U+010F (decimal 271)
   defining Unicode char U+0110 (decimal 272)
   defining Unicode char U+0111 (decimal 273)
   defining Unicode char U+0112 (decimal 274)
   defining Unicode char U+0113 (decimal 275)
   defining Unicode char U+0114 (decimal 276)
   defining Unicode char U+0115 (decimal 277)
   defining Unicode char U+0116 (decimal 278)
   defining Unicode char U+0117 (decimal 279)
   defining Unicode char U+0118 (decimal 280)
   defining Unicode char U+0119 (decimal 281)
   defining Unicode char U+011A (decimal 282)
   defining Unicode char U+011B (decimal 283)
   defining Unicode char U+011C (decimal 284)
   defining Unicode char U+011D (decimal 285)
   defining Unicode char U+011E (decimal 286)
   defining Unicode char U+011F (decimal 287)
   defining Unicode char U+0120 (decimal 288)
   defining Unicode char U+0121 (decimal 289)
   defining Unicode char U+0122 (decimal 290)
   defining Unicode char U+0123 (decimal 291)
   defining Unicode char U+0124 (decimal 292)
   defining Unicode char U+0125 (decimal 293)
   defining Unicode char U+0128 (decimal 296)
   defining Unicode char U+0129 (decimal 297)
   defining Unicode char U+012A (decimal 298)
   defining Unicode char U+012B (decimal 299)
   defining Unicode char U+012C (decimal 300)
   defining Unicode char U+012D (decimal 301)
   defining Unicode char U+012E (decimal 302)
   defining Unicode char U+012F (decimal 303)
   defining Unicode char U+0130 (decimal 304)
   defining Unicode char U+0131 (decimal 305)
   defining Unicode char U+0132 (decimal 306)
   defining Unicode char U+0133 (decimal 307)
   defining Unicode char U+0134 (decimal 308)
   defining Unicode char U+0135 (decimal 309)
   defining Unicode char U+0136 (decimal 310)
   defining Unicode char U+0137 (decimal 311)
   defining Unicode char U+0139 (decimal 313)
   defining Unicode char U+013A (decimal 314)
   defining Unicode char U+013B (decimal 315)
   defining Unicode char U+013C (decimal 316)
   defining Unicode char U+013D (decimal 317)
   defining Unicode char U+013E (decimal 318)
   defining Unicode char U+0141 (decimal 321)
   defining Unicode char U+0142 (decimal 322)
   defining Unicode char U+0143 (decimal 323)
   defining Unicode char U+0144 (decimal 324)
   defining Unicode char U+0145 (decimal 325)
   defining Unicode char U+0146 (decimal 326)
   defining Unicode char U+0147 (decimal 327)
   defining Unicode char U+0148 (decimal 328)
   defining Unicode char U+014A (decimal 330)
   defining Unicode char U+014B (decimal 331)
   defining Unicode char U+014C (decimal 332)
   defining Unicode char U+014D (decimal 333)
   defining Unicode char U+014E (decimal 334)
   defining Unicode char U+014F (decimal 335)
   defining Unicode char U+0150 (decimal 336)
   defining Unicode char U+0151 (decimal 337)
   defining Unicode char U+0152 (decimal 338)
   defining Unicode char U+0153 (decimal 339)
   defining Unicode char U+0154 (decimal 340)
   defining Unicode char U+0155 (decimal 341)
   defining Unicode char U+0156 (decimal 342)
   defining Unicode char U+0157 (decimal 343)
   defining Unicode char U+0158 (decimal 344)
   defining Unicode char U+0159 (decimal 345)
   defining Unicode char U+015A (decimal 346)
   defining Unicode char U+015B (decimal 347)
   defining Unicode char U+015C (decimal 348)
   defining Unicode char U+015D (decimal 349)
   defining Unicode char U+015E (decimal 350)
   defining Unicode char U+015F (decimal 351)
   defining Unicode char U+0160 (decimal 352)
   defining Unicode char U+0161 (decimal 353)
   defining Unicode char U+0162 (decimal 354)
   defining Unicode char U+0163 (decimal 355)
   defining Unicode char U+0164 (decimal 356)
   defining Unicode char U+0165 (decimal 357)
   defining Unicode char U+0168 (decimal 360)
   defining Unicode char U+0169 (decimal 361)
   defining Unicode char U+016A (decimal 362)
   defining Unicode char U+016B (decimal 363)
   defining Unicode char U+016C (decimal 364)
   defining Unicode char U+016D (decimal 365)
   defining Unicode char U+016E (decimal 366)
   defining Unicode char U+016F (decimal 367)
   defining Unicode char U+0170 (decimal 368)
   defining Unicode char U+0171 (decimal 369)
   defining Unicode char U+0172 (decimal 370)
   defining Unicode char U+0173 (decimal 371)
   defining Unicode char U+0174 (decimal 372)
   defining Unicode char U+0175 (decimal 373)
   defining Unicode char U+0176 (decimal 374)
   defining Unicode char U+0177 (decimal 375)
   defining Unicode char U+0178 (decimal 376)
   defining Unicode char U+0179 (decimal 377)
   defining Unicode char U+017A (decimal 378)
   defining Unicode char U+017B (decimal 379)
   defining Unicode char U+017C (decimal 380)
   defining Unicode char U+017D (decimal 381)
   defining Unicode char U+017E (decimal 382)
   defining Unicode char U+01C4 (decimal 452)
   defining Unicode char U+01C5 (decimal 453)
   defining Unicode char U+01C6 (decimal 454)
   defining Unicode char U+01C7 (decimal 455)
   defining Unicode char U+01C8 (decimal 456)
   defining Unicode char U+01C9 (decimal 457)
   defining Unicode char U+01CA (decimal 458)
   defining Unicode char U+01CB (decimal 459)
   defining Unicode char U+01CC (decimal 460)
   defining Unicode char U+01CD (decimal 461)
   defining Unicode char U+01CE (decimal 462)
   defining Unicode char U+01CF (decimal 463)
   defining Unicode char U+01D0 (decimal 464)
   defining Unicode char U+01D1 (decimal 465)
   defining Unicode char U+01D2 (decimal 466)
   defining Unicode char U+01D3 (decimal 467)
   defining Unicode char U+01D4 (decimal 468)
   defining Unicode char U+01E2 (decimal 482)
   defining Unicode char U+01E3 (decimal 483)
   defining Unicode char U+01E6 (decimal 486)
   defining Unicode char U+01E7 (decimal 487)
   defining Unicode char U+01E8 (decimal 488)
   defining Unicode char U+01E9 (decimal 489)
   defining Unicode char U+01EA (decimal 490)
   defining Unicode char U+01EB (decimal 491)
   defining Unicode char U+01F0 (decimal 496)
   defining Unicode char U+01F4 (decimal 500)
   defining Unicode char U+01F5 (decimal 501)
   defining Unicode char U+0218 (decimal 536)
   defining Unicode char U+0219 (decimal 537)
   defining Unicode char U+021A (decimal 538)
   defining Unicode char U+021B (decimal 539)
   defining Unicode char U+0232 (decimal 562)
   defining Unicode char U+0233 (decimal 563)
   defining Unicode char U+0237 (decimal 567)
   defining Unicode char U+02D9 (decimal 729)
   defining Unicode char U+02DB (decimal 731)
   defining Unicode char U+1E02 (decimal 7682)
   defining Unicode char U+1E03 (decimal 7683)
   defining Unicode char U+1E0D (decimal 7693)
   defining Unicode char U+1E1E (decimal 7710)
   defining Unicode char U+1E1F (decimal 7711)
   defining Unicode char U+1E25 (decimal 7717)
   defining Unicode char U+1E30 (decimal 7728)
   defining Unicode char U+1E31 (decimal 7729)
   defining Unicode char U+1E37 (decimal 7735)
   defining Unicode char U+1E8E (decimal 7822)
   defining Unicode char U+1E8F (decimal 7823)
   defining Unicode char U+1E43 (decimal 7747)
   defining Unicode char U+1E45 (decimal 7749)
   defining Unicode char U+1E47 (decimal 7751)
   defining Unicode char U+1E5B (decimal 7771)
   defining Unicode char U+1E63 (decimal 7779)
   defining Unicode char U+1E6D (decimal 7789)
   defining Unicode char U+1E90 (decimal 7824)
   defining Unicode char U+1E91 (decimal 7825)
   defining Unicode char U+1E9E (decimal 7838)
   defining Unicode char U+1EF2 (decimal 7922)
   defining Unicode char U+1EF3 (decimal 7923)
   defining Unicode char U+200C (decimal 8204)
   defining Unicode char U+2010 (decimal 8208)
   defining Unicode char U+2011 (decimal 8209)
   defining Unicode char U+2012 (decimal 8210)
   defining Unicode char U+2013 (decimal 8211)
   defining Unicode char U+2014 (decimal 8212)
   defining Unicode char U+2015 (decimal 8213)
   defining Unicode char U+2018 (decimal 8216)
   defining Unicode char U+2019 (decimal 8217)
   defining Unicode char U+201A (decimal 8218)
   defining Unicode char U+201C (decimal 8220)
   defining Unicode char U+201D (decimal 8221)
   defining Unicode char U+201E (decimal 8222)
   defining Unicode char U+2030 (decimal 8240)
   defining Unicode char U+2031 (decimal 8241)
   defining Unicode char U+2039 (decimal 8249)
   defining Unicode char U+203A (decimal 8250)
   defining Unicode char U+2423 (decimal 9251)
   defining Unicode char U+1E20 (decimal 7712)
   defining Unicode char U+1E21 (decimal 7713)
   defining Unicode char U+FB00 (decimal 64256)
   defining Unicode char U+FB01 (decimal 64257)
   defining Unicode char U+FB02 (decimal 64258)
   defining Unicode char U+FB03 (decimal 64259)
   defining Unicode char U+FB04 (decimal 64260)
   defining Unicode char U+FB05 (decimal 64261)
   defining Unicode char U+FB06 (decimal 64262)
)
Now handling font encoding TS1 ...
... processing UTF-8 mapping file for font encoding TS1

(/home/bremdow/.miktex/texmfs/install/tex/latex/base/ts1enc.dfu
File: ts1enc.dfu 2022/06/07 v1.3c UTF-8 support
   defining Unicode char U+00A2 (decimal 162)
   defining Unicode char U+00A3 (decimal 163)
   defining Unicode char U+00A4 (decimal 164)
   defining Unicode char U+00A5 (decimal 165)
   defining Unicode char U+00A6 (decimal 166)
   defining Unicode char U+00A7 (decimal 167)
   defining Unicode char U+00A8 (decimal 168)
   defining Unicode char U+00A9 (decimal 169)
   defining Unicode char U+00AA (decimal 170)
   defining Unicode char U+00AC (decimal 172)
   defining Unicode char U+00AE (decimal 174)
   defining Unicode char U+00AF (decimal 175)
   defining Unicode char U+00B0 (decimal 176)
   defining Unicode char U+00B1 (decimal 177)
   defining Unicode char U+00B2 (decimal 178)
   defining Unicode char U+00B3 (decimal 179)
   defining Unicode char U+00B4 (decimal 180)
   defining Unicode char U+00B5 (decimal 181)
   defining Unicode char U+00B6 (decimal 182)
   defining Unicode char U+00B7 (decimal 183)
   defining Unicode char U+00B9 (decimal 185)
   defining Unicode char U+00BA (decimal 186)
   defining Unicode char U+00BC (decimal 188)
   defining Unicode char U+00BD (decimal 189)
   defining Unicode char U+00BE (decimal 190)
   defining Unicode char U+00D7 (decimal 215)
   defining Unicode char U+00F7 (decimal 247)
   defining Unicode char U+0192 (decimal 402)
   defining Unicode char U+02C7 (decimal 711)
   defining Unicode char U+02D8 (decimal 728)
   defining Unicode char U+02DD (decimal 733)
   defining Unicode char U+0E3F (decimal 3647)
   defining Unicode char U+2016 (decimal 8214)
   defining Unicode char U+2020 (decimal 8224)
   defining Unicode char U+2021 (decimal 8225)
   defining Unicode char U+2022 (decimal 8226)
   defining Unicode char U+2030 (decimal 8240)
   defining Unicode char U+2031 (decimal 8241)
   defining Unicode char U+203B (decimal 8251)
   defining Unicode char U+203D (decimal 8253)
   defining Unicode char U+2044 (decimal 8260)
   defining Unicode char U+204E (decimal 8270)
   defining Unicode char U+2052 (decimal 8274)
   defining Unicode char U+20A1 (decimal 8353)
   defining Unicode char U+20A4 (decimal 8356)
   defining Unicode char U+20A6 (decimal 8358)
   defining Unicode char U+20A9 (decimal 8361)
   defining Unicode char U+20AB (decimal 8363)
   defining Unicode char U+20AC (decimal 8364)
   defining Unicode char U+20B1 (decimal 8369)
   defining Unicode char U+2103 (decimal 8451)
   defining Unicode char U+2116 (decimal 8470)
   defining Unicode char U+2117 (decimal 8471)
   defining Unicode char U+211E (decimal 8478)
   defining Unicode char U+2120 (decimal 8480)
   defining Unicode char U+2122 (decimal 8482)
   defining Unicode char U+2126 (decimal 8486)
   defining Unicode char U+2127 (decimal 8487)
   defining Unicode char U+212E (decimal 8494)
   defining Unicode char U+2190 (decimal 8592)
   defining Unicode char U+2191 (decimal 8593)
   defining Unicode char U+2192 (decimal 8594)
   defining Unicode char U+2193 (decimal 8595)
   defining Unicode char U+2329 (decimal 9001)
   defining Unicode char U+3008 (decimal 12296)
   defining Unicode char U+232A (decimal 9002)
   defining Unicode char U+3009 (decimal 12297)
   defining Unicode char U+2422 (decimal 9250)
   defining Unicode char U+25E6 (decimal 9702)
   defining Unicode char U+25EF (decimal 9711)
   defining Unicode char U+266A (decimal 9834)
   defining Unicode char U+27E8 (decimal 10216)
   defining Unicode char U+27E9 (decimal 10217)
   defining Unicode char U+FEFF (decimal 65279)
)
Now handling font encoding OMX ...
... no UTF-8 mapping file for font encoding OMX
Now handling font encoding U ...
... no UTF-8 mapping file for font encoding U
   defining Unicode char U+00A9 (decimal 169)
   defining Unicode char U+00AA (decimal 170)
   defining Unicode char U+00AE (decimal 174)
   defining Unicode char U+00BA (decimal 186)
   defining Unicode char U+02C6 (decimal 710)
   defining Unicode char U+02DC (decimal 732)
   defining Unicode char U+200C (decimal 8204)
   defining Unicode char U+2026 (decimal 8230)
   defining Unicode char U+2122 (decimal 8482)
   defining Unicode char U+2423 (decimal 9251)
   defining Unicode char U+FEFF (decimal 65279)
))
(/home/bremdow/.miktex/texmfs/install/tex/latex/fancyhdr/fancyhdr.sty
Package: fancyhdr 2025/02/07 v5.2 Extensive control of page headers and footers

\f@nch@headwidth=\skip51
\f@nch@offset@elh=\skip52
\f@nch@offset@erh=\skip53
\f@nch@offset@olh=\skip54
\f@nch@offset@orh=\skip55
\f@nch@offset@elf=\skip56
\f@nch@offset@erf=\skip57
\f@nch@offset@olf=\skip58
\f@nch@offset@orf=\skip59
\f@nch@height=\skip60
\f@nch@footalignment=\skip61
\f@nch@widthL=\skip62
\f@nch@widthC=\skip63
\f@nch@widthR=\skip64
\@temptokenb=\toks20
)
(/home/bremdow/.miktex/texmfs/install/tex/latex/graphics/graphicx.sty
Package: graphicx 2024/12/31 v1.2e Enhanced LaTeX Graphics (DPC,SPQR)

(/home/bremdow/.miktex/texmfs/install/tex/latex/graphics/keyval.sty
Package: keyval 2022/05/29 v1.15 key=value parser (DPC)
\KV@toks@=\toks21
)
(/home/bremdow/.miktex/texmfs/install/tex/latex/graphics/graphics.sty
Package: graphics 2024/08/06 v1.4g Standard LaTeX Graphics (DPC,SPQR)

(/home/bremdow/.miktex/texmfs/install/tex/latex/graphics/trig.sty
Package: trig 2023/12/02 v1.11 sin cos tan (DPC)
)
(/home/bremdow/.miktex/texmfs/install/tex/latex/graphics-cfg/graphics.cfg
File: graphics.cfg 2016/06/04 v1.11 sample graphics configuration
)
Package graphics Info: Driver file: pdftex.def on input line 106.

(/home/bremdow/.miktex/texmfs/install/tex/latex/graphics-def/pdftex.def
File: pdftex.def 2024/04/13 v1.2c Graphics/color driver for pdftex
))
\Gin@req@height=\dimen150
\Gin@req@width=\dimen151
)
(/home/bremdow/.miktex/texmfs/install/tex/latex/geometry/geometry.sty
Package: geometry 2020/01/02 v5.9 Page Geometry

(/home/bremdow/.miktex/texmfs/install/tex/generic/iftex/ifvtex.sty
Package: ifvtex 2019/10/25 v1.7 ifvtex legacy package. Use iftex instead.

(/home/bremdow/.miktex/texmfs/install/tex/generic/iftex/iftex.sty
Package: iftex 2024/12/12 v1.0g TeX engine tests
))
\Gm@cnth=\count287
\Gm@cntv=\count288
\c@Gm@tempcnt=\count289
\Gm@bindingoffset=\dimen152
\Gm@wd@mp=\dimen153
\Gm@odd@mp=\dimen154
\Gm@even@mp=\dimen155
\Gm@layoutwidth=\dimen156
\Gm@layoutheight=\dimen157
\Gm@layouthoffset=\dimen158
\Gm@layoutvoffset=\dimen159
\Gm@dimlist=\toks22

(/home/bremdow/.miktex/texmfs/install/tex/latex/geometry/geometry.cfg))
(hlundef.sty
Package: hlundef 
 (/home/bremdow/.miktex/texmfs/install/tex/latex/graphics/color.sty
Package: color 2025/01/14 v1.3e Standard LaTeX Color (DPC)
(/home/bremdow/.miktex/texmfs/install/tex/latex/graphics-cfg/color.cfg
File: color.cfg 2016/01/02 v1.6 sample color configuration
)
Package color Info: Driver file: pdftex.def on input line 149.

(/home/bremdow/.miktex/texmfs/install/tex/latex/graphics/mathcolor.ltx)))
(portada.sty)
(/home/bremdow/.miktex/texmfs/install/tex/latex/acronym/acronym.sty
Package: acronym 2025/01/17 v1.50 Support for acronyms (Tobias Oetiker)

(/home/bremdow/.miktex/texmfs/install/tex/latex/bigfoot/suffix.sty
Package: suffix 2006/07/15 1.5a Variant command support
)
(/home/bremdow/.miktex/texmfs/install/tex/latex/xstring/xstring.sty
(/home/bremdow/.miktex/texmfs/install/tex/generic/xstring/xstring.tex
\xs_counta=\count290
\xs_countb=\count291
)
Package: xstring 2023/08/22 v1.86 String manipulations (CT)
)
\AC@clearlist=\toks23
)
(/home/bremdow/.miktex/texmfs/install/tex/latex/breakcites/breakcites.sty)
(/home/bremdow/.miktex/texmfs/install/tex/generic/soul/soul.sty
Package: soul 2023-06-14 v3.1 Permit use of UTF-8 characters in soul (HO)

(/home/bremdow/.miktex/texmfs/install/tex/generic/soul/soul-ori.sty
Package: soul-ori 2023-06-14 v3.1 letterspacing/underlining (mf)
\SOUL@word=\toks24
\SOUL@lasttoken=\toks25
\SOUL@syllable=\toks26
\SOUL@cmds=\toks27
\SOUL@buffer=\toks28
\SOUL@token=\toks29
\SOUL@syllgoal=\dimen160
\SOUL@syllwidth=\dimen161
\SOUL@charkern=\dimen162
\SOUL@hyphkern=\dimen163
\SOUL@dimen=\dimen164
\SOUL@dimeni=\dimen165
\SOUL@minus=\count292
\SOUL@comma=\count293
\SOUL@apo=\count294
\SOUL@grave=\count295
\SOUL@spaceskip=\skip65
\SOUL@ttwidth=\dimen166
\SOUL@uldp=\dimen167
\SOUL@ulht=\dimen168
)
(/home/bremdow/.miktex/texmfs/install/tex/generic/infwarerr/infwarerr.sty
Package: infwarerr 2019/12/03 v1.5 Providing info/warning/error messages (HO)
)
(/home/bremdow/.miktex/texmfs/install/tex/generic/etexcmds/etexcmds.sty
Package: etexcmds 2019/12/15 v1.7 Avoid name clashes with e-TeX commands (HO)
))
(/home/bremdow/.miktex/texmfs/install/tex/latex/ae/ae.sty
Package: ae 2001/02/12 1.3 Almost European Computer Modern

(/home/bremdow/.miktex/texmfs/install/tex/latex/base/fontenc.sty
Package: fontenc 2024/12/21 v2.1c Standard LaTeX package
))
(/home/bremdow/.miktex/texmfs/install/tex/latex/xcolor/xcolor.sty
Package: xcolor 2024/09/29 v3.02 LaTeX color extensions (UK)

(/home/bremdow/.miktex/texmfs/install/tex/latex/graphics-cfg/color.cfg
File: color.cfg 2016/01/02 v1.6 sample color configuration
)

Package xcolor Warning: Package option `usenames' is obsolete and ignored on in
put line 265.

Package xcolor Info: Driver file: pdftex.def on input line 274.
LaTeX Info: Redefining \color on input line 762.
(/home/bremdow/.miktex/texmfs/install/tex/latex/graphics/mathcolor.ltx)
Package xcolor Info: Model `cmy' substituted by `cmy0' on input line 1349.
Package xcolor Info: Model `hsb' substituted by `rgb' on input line 1353.
Package xcolor Info: Model `RGB' extended on input line 1365.
Package xcolor Info: Model `HTML' substituted by `rgb' on input line 1367.
Package xcolor Info: Model `Hsb' substituted by `hsb' on input line 1368.
Package xcolor Info: Model `tHsb' substituted by `hsb' on input line 1369.
Package xcolor Info: Model `HSB' substituted by `hsb' on input line 1370.
Package xcolor Info: Model `Gray' substituted by `gray' on input line 1371.
Package xcolor Info: Model `wave' substituted by `hsb' on input line 1372.
)
(/home/bremdow/.miktex/texmfs/install/tex/latex/graphics/dvipsnam.def
File: dvipsnam.def 2016/06/17 v3.0m Driver-dependent file (DPC,SPQR)
)
(/home/bremdow/.miktex/texmfs/install/tex/latex/colortbl/colortbl.sty
Package: colortbl 2024/10/29 v1.0k Color table columns (DPC)

(/home/bremdow/.miktex/texmfs/install/tex/latex/tools/array.sty
Package: array 2025/06/08 v2.6j Tabular extension package (FMi)
\col@sep=\dimen169
\ar@mcellbox=\box53
\extrarowheight=\dimen170
\NC@list=\toks30
\extratabsurround=\skip66
\backup@length=\skip67
\ar@cellbox=\box54
)
\everycr=\toks31
\minrowclearance=\skip68
\rownum=\count296
)
(/home/bremdow/.miktex/texmfs/install/tex/latex/amsmath/amsmath.sty
Package: amsmath 2025/06/16 v2.17y AMS math features
\@mathmargin=\skip69

For additional information on amsmath, use the `?' option.
(/home/bremdow/.miktex/texmfs/install/tex/latex/amsmath/amstext.sty
Package: amstext 2024/11/17 v2.01 AMS text

(/home/bremdow/.miktex/texmfs/install/tex/latex/amsmath/amsgen.sty
File: amsgen.sty 1999/11/30 v2.0 generic functions
\@emptytoks=\toks32
\ex@=\dimen171
))
(/home/bremdow/.miktex/texmfs/install/tex/latex/amsmath/amsbsy.sty
Package: amsbsy 1999/11/29 v1.2d Bold Symbols
\pmbraise@=\dimen172
)
(/home/bremdow/.miktex/texmfs/install/tex/latex/amsmath/amsopn.sty
Package: amsopn 2022/04/08 v2.04 operator names
)
\inf@bad=\count297
LaTeX Info: Redefining \frac on input line 233.
\uproot@=\count298
\leftroot@=\count299
LaTeX Info: Redefining \overline on input line 398.
LaTeX Info: Redefining \colon on input line 409.
\classnum@=\count300
\DOTSCASE@=\count301
LaTeX Info: Redefining \ldots on input line 495.
LaTeX Info: Redefining \dots on input line 498.
LaTeX Info: Redefining \cdots on input line 619.
\Mathstrutbox@=\box55
\strutbox@=\box56
LaTeX Info: Redefining \big on input line 721.
LaTeX Info: Redefining \Big on input line 722.
LaTeX Info: Redefining \bigg on input line 723.
LaTeX Info: Redefining \Bigg on input line 724.
\big@size=\dimen173
LaTeX Font Info:    Redeclaring font encoding OML on input line 742.
LaTeX Font Info:    Redeclaring font encoding OMS on input line 743.
\macc@depth=\count302
LaTeX Info: Redefining \bmod on input line 904.
LaTeX Info: Redefining \pmod on input line 909.
LaTeX Info: Redefining \smash on input line 939.
LaTeX Info: Redefining \relbar on input line 969.
LaTeX Info: Redefining \Relbar on input line 970.
\c@MaxMatrixCols=\count303
\dotsspace@=\muskip17
\c@parentequation=\count304
\dspbrk@lvl=\count305
\tag@help=\toks33
\row@=\count306
\column@=\count307
\maxfields@=\count308
\andhelp@=\toks34
\eqnshift@=\dimen174
\alignsep@=\dimen175
\tagshift@=\dimen176
\tagwidth@=\dimen177
\totwidth@=\dimen178
\lineht@=\dimen179
\@envbody=\toks35
\multlinegap=\skip70
\multlinetaggap=\skip71
\mathdisplay@stack=\toks36
LaTeX Info: Redefining \[ on input line 2949.
LaTeX Info: Redefining \] on input line 2950.
)
(/home/bremdow/.miktex/texmfs/install/tex/latex/multirow/multirow.sty
Package: multirow 2024/11/12 v2.9 Span multiple rows of a table
\multirow@colwidth=\skip72
\multirow@cntb=\count309
\multirow@dima=\skip73
\bigstrutjot=\dimen180
)
(/home/bremdow/.miktex/texmfs/install/tex/latex/enumitem/enumitem.sty
Package: enumitem 2025/02/06 v3.11 Customized lists
\labelindent=\skip74
\enit@outerparindent=\dimen181
\enit@toks=\toks37
\enit@inbox=\box57
\enit@count@id=\count310
\enitdp@description=\count311
)
(/home/bremdow/.miktex/texmfs/install/tex/latex/pgf/frontendlayer/tikz.sty
(/home/bremdow/.miktex/texmfs/install/tex/latex/pgf/basiclayer/pgf.sty
(/home/bremdow/.miktex/texmfs/install/tex/latex/pgf/utilities/pgfrcs.sty
(/home/bremdow/.miktex/texmfs/install/tex/generic/pgf/utilities/pgfutil-common.
tex
\pgfutil@everybye=\toks38
\pgfutil@tempdima=\dimen182
\pgfutil@tempdimb=\dimen183
)
(/home/bremdow/.miktex/texmfs/install/tex/generic/pgf/utilities/pgfutil-latex.d
ef
\pgfutil@abb=\box58
)
(/home/bremdow/.miktex/texmfs/install/tex/generic/pgf/utilities/pgfrcs.code.tex
(/home/bremdow/.miktex/texmfs/install/tex/generic/pgf/pgf.revision.tex)
Package: pgfrcs 2023-01-15 v3.1.10 (3.1.10)
))
Package: pgf 2023-01-15 v3.1.10 (3.1.10)

(/home/bremdow/.miktex/texmfs/install/tex/latex/pgf/basiclayer/pgfcore.sty
(/home/bremdow/.miktex/texmfs/install/tex/latex/pgf/systemlayer/pgfsys.sty
(/home/bremdow/.miktex/texmfs/install/tex/generic/pgf/systemlayer/pgfsys.code.t
ex
Package: pgfsys 2023-01-15 v3.1.10 (3.1.10)

(/home/bremdow/.miktex/texmfs/install/tex/generic/pgf/utilities/pgfkeys.code.te
x
\pgfkeys@pathtoks=\toks39
\pgfkeys@temptoks=\toks40

(/home/bremdow/.miktex/texmfs/install/tex/generic/pgf/utilities/pgfkeyslibraryf
iltered.code.tex
\pgfkeys@tmptoks=\toks41
))
\pgf@x=\dimen184
\pgf@y=\dimen185
\pgf@xa=\dimen186
\pgf@ya=\dimen187
\pgf@xb=\dimen188
\pgf@yb=\dimen189
\pgf@xc=\dimen190
\pgf@yc=\dimen191
\pgf@xd=\dimen192
\pgf@yd=\dimen193
\w@pgf@writea=\write3
\r@pgf@reada=\read3
\c@pgf@counta=\count312
\c@pgf@countb=\count313
\c@pgf@countc=\count314
\c@pgf@countd=\count315
\t@pgf@toka=\toks42
\t@pgf@tokb=\toks43
\t@pgf@tokc=\toks44
\pgf@sys@id@count=\count316

(/home/bremdow/.miktex/texmfs/install/tex/generic/pgf/systemlayer/pgf.cfg
File: pgf.cfg 2023-01-15 v3.1.10 (3.1.10)
)
Driver file for pgf: pgfsys-pdftex.def

(/home/bremdow/.miktex/texmfs/install/tex/generic/pgf/systemlayer/pgfsys-pdftex
.def
File: pgfsys-pdftex.def 2023-01-15 v3.1.10 (3.1.10)

(/home/bremdow/.miktex/texmfs/install/tex/generic/pgf/systemlayer/pgfsys-common
-pdf.def
File: pgfsys-common-pdf.def 2023-01-15 v3.1.10 (3.1.10)
)))
(/home/bremdow/.miktex/texmfs/install/tex/generic/pgf/systemlayer/pgfsyssoftpat
h.code.tex
File: pgfsyssoftpath.code.tex 2023-01-15 v3.1.10 (3.1.10)
\pgfsyssoftpath@smallbuffer@items=\count317
\pgfsyssoftpath@bigbuffer@items=\count318
)
(/home/bremdow/.miktex/texmfs/install/tex/generic/pgf/systemlayer/pgfsysprotoco
l.code.tex
File: pgfsysprotocol.code.tex 2023-01-15 v3.1.10 (3.1.10)
))
(/home/bremdow/.miktex/texmfs/install/tex/generic/pgf/basiclayer/pgfcore.code.t
ex
Package: pgfcore 2023-01-15 v3.1.10 (3.1.10)
 (/home/bremdow/.miktex/texmfs/install/tex/generic/pgf/math/pgfmath.code.tex
(/home/bremdow/.miktex/texmfs/install/tex/generic/pgf/math/pgfmathutil.code.tex
)
(/home/bremdow/.miktex/texmfs/install/tex/generic/pgf/math/pgfmathparser.code.t
ex
\pgfmath@dimen=\dimen194
\pgfmath@count=\count319
\pgfmath@box=\box59
\pgfmath@toks=\toks45
\pgfmath@stack@operand=\toks46
\pgfmath@stack@operation=\toks47
)
(/home/bremdow/.miktex/texmfs/install/tex/generic/pgf/math/pgfmathfunctions.cod
e.tex)
(/home/bremdow/.miktex/texmfs/install/tex/generic/pgf/math/pgfmathfunctions.bas
ic.code.tex)
(/home/bremdow/.miktex/texmfs/install/tex/generic/pgf/math/pgfmathfunctions.tri
gonometric.code.tex)
(/home/bremdow/.miktex/texmfs/install/tex/generic/pgf/math/pgfmathfunctions.ran
dom.code.tex)
(/home/bremdow/.miktex/texmfs/install/tex/generic/pgf/math/pgfmathfunctions.com
parison.code.tex)
(/home/bremdow/.miktex/texmfs/install/tex/generic/pgf/math/pgfmathfunctions.bas
e.code.tex)
(/home/bremdow/.miktex/texmfs/install/tex/generic/pgf/math/pgfmathfunctions.rou
nd.code.tex)
(/home/bremdow/.miktex/texmfs/install/tex/generic/pgf/math/pgfmathfunctions.mis
c.code.tex)
(/home/bremdow/.miktex/texmfs/install/tex/generic/pgf/math/pgfmathfunctions.int
egerarithmetics.code.tex)
(/home/bremdow/.miktex/texmfs/install/tex/generic/pgf/math/pgfmathcalc.code.tex
)
(/home/bremdow/.miktex/texmfs/install/tex/generic/pgf/math/pgfmathfloat.code.te
x
\c@pgfmathroundto@lastzeros=\count320
)) (/home/bremdow/.miktex/texmfs/install/tex/generic/pgf/math/pgfint.code.tex)
(/home/bremdow/.miktex/texmfs/install/tex/generic/pgf/basiclayer/pgfcorepoints.
code.tex
File: pgfcorepoints.code.tex 2023-01-15 v3.1.10 (3.1.10)
\pgf@picminx=\dimen195
\pgf@picmaxx=\dimen196
\pgf@picminy=\dimen197
\pgf@picmaxy=\dimen198
\pgf@pathminx=\dimen199
\pgf@pathmaxx=\dimen256
\pgf@pathminy=\dimen257
\pgf@pathmaxy=\dimen258
\pgf@xx=\dimen259
\pgf@xy=\dimen260
\pgf@yx=\dimen261
\pgf@yy=\dimen262
\pgf@zx=\dimen263
\pgf@zy=\dimen264
)
(/home/bremdow/.miktex/texmfs/install/tex/generic/pgf/basiclayer/pgfcorepathcon
struct.code.tex
File: pgfcorepathconstruct.code.tex 2023-01-15 v3.1.10 (3.1.10)
\pgf@path@lastx=\dimen265
\pgf@path@lasty=\dimen266
)
(/home/bremdow/.miktex/texmfs/install/tex/generic/pgf/basiclayer/pgfcorepathusa
ge.code.tex
File: pgfcorepathusage.code.tex 2023-01-15 v3.1.10 (3.1.10)
\pgf@shorten@end@additional=\dimen267
\pgf@shorten@start@additional=\dimen268
)
(/home/bremdow/.miktex/texmfs/install/tex/generic/pgf/basiclayer/pgfcorescopes.
code.tex
File: pgfcorescopes.code.tex 2023-01-15 v3.1.10 (3.1.10)
\pgfpic=\box60
\pgf@hbox=\box61
\pgf@layerbox@main=\box62
\pgf@picture@serial@count=\count321
)
(/home/bremdow/.miktex/texmfs/install/tex/generic/pgf/basiclayer/pgfcoregraphic
state.code.tex
File: pgfcoregraphicstate.code.tex 2023-01-15 v3.1.10 (3.1.10)
\pgflinewidth=\dimen269
)
(/home/bremdow/.miktex/texmfs/install/tex/generic/pgf/basiclayer/pgfcoretransfo
rmations.code.tex
File: pgfcoretransformations.code.tex 2023-01-15 v3.1.10 (3.1.10)
\pgf@pt@x=\dimen270
\pgf@pt@y=\dimen271
\pgf@pt@temp=\dimen272
)
(/home/bremdow/.miktex/texmfs/install/tex/generic/pgf/basiclayer/pgfcorequick.c
ode.tex
File: pgfcorequick.code.tex 2023-01-15 v3.1.10 (3.1.10)
)
(/home/bremdow/.miktex/texmfs/install/tex/generic/pgf/basiclayer/pgfcoreobjects
.code.tex
File: pgfcoreobjects.code.tex 2023-01-15 v3.1.10 (3.1.10)
)
(/home/bremdow/.miktex/texmfs/install/tex/generic/pgf/basiclayer/pgfcorepathpro
cessing.code.tex
File: pgfcorepathprocessing.code.tex 2023-01-15 v3.1.10 (3.1.10)
)
(/home/bremdow/.miktex/texmfs/install/tex/generic/pgf/basiclayer/pgfcorearrows.
code.tex
File: pgfcorearrows.code.tex 2023-01-15 v3.1.10 (3.1.10)
\pgfarrowsep=\dimen273
)
(/home/bremdow/.miktex/texmfs/install/tex/generic/pgf/basiclayer/pgfcoreshade.c
ode.tex
File: pgfcoreshade.code.tex 2023-01-15 v3.1.10 (3.1.10)
\pgf@max=\dimen274
\pgf@sys@shading@range@num=\count322
\pgf@shadingcount=\count323
)
(/home/bremdow/.miktex/texmfs/install/tex/generic/pgf/basiclayer/pgfcoreimage.c
ode.tex
File: pgfcoreimage.code.tex 2023-01-15 v3.1.10 (3.1.10)
)
(/home/bremdow/.miktex/texmfs/install/tex/generic/pgf/basiclayer/pgfcoreexterna
l.code.tex
File: pgfcoreexternal.code.tex 2023-01-15 v3.1.10 (3.1.10)
\pgfexternal@startupbox=\box63
)
(/home/bremdow/.miktex/texmfs/install/tex/generic/pgf/basiclayer/pgfcorelayers.
code.tex
File: pgfcorelayers.code.tex 2023-01-15 v3.1.10 (3.1.10)
)
(/home/bremdow/.miktex/texmfs/install/tex/generic/pgf/basiclayer/pgfcoretranspa
rency.code.tex
File: pgfcoretransparency.code.tex 2023-01-15 v3.1.10 (3.1.10)
)
(/home/bremdow/.miktex/texmfs/install/tex/generic/pgf/basiclayer/pgfcorepattern
s.code.tex
File: pgfcorepatterns.code.tex 2023-01-15 v3.1.10 (3.1.10)
)
(/home/bremdow/.miktex/texmfs/install/tex/generic/pgf/basiclayer/pgfcorerdf.cod
e.tex
File: pgfcorerdf.code.tex 2023-01-15 v3.1.10 (3.1.10)
)))
(/home/bremdow/.miktex/texmfs/install/tex/generic/pgf/modules/pgfmoduleshapes.c
ode.tex
File: pgfmoduleshapes.code.tex 2023-01-15 v3.1.10 (3.1.10)
\pgfnodeparttextbox=\box64
)
(/home/bremdow/.miktex/texmfs/install/tex/generic/pgf/modules/pgfmoduleplot.cod
e.tex
File: pgfmoduleplot.code.tex 2023-01-15 v3.1.10 (3.1.10)
)
(/home/bremdow/.miktex/texmfs/install/tex/latex/pgf/compatibility/pgfcomp-versi
on-0-65.sty
Package: pgfcomp-version-0-65 2023-01-15 v3.1.10 (3.1.10)
\pgf@nodesepstart=\dimen275
\pgf@nodesepend=\dimen276
)
(/home/bremdow/.miktex/texmfs/install/tex/latex/pgf/compatibility/pgfcomp-versi
on-1-18.sty
Package: pgfcomp-version-1-18 2023-01-15 v3.1.10 (3.1.10)
))
(/home/bremdow/.miktex/texmfs/install/tex/latex/pgf/utilities/pgffor.sty
(/home/bremdow/.miktex/texmfs/install/tex/latex/pgf/utilities/pgfkeys.sty
(/home/bremdow/.miktex/texmfs/install/tex/generic/pgf/utilities/pgfkeys.code.te
x)) (/home/bremdow/.miktex/texmfs/install/tex/latex/pgf/math/pgfmath.sty
(/home/bremdow/.miktex/texmfs/install/tex/generic/pgf/math/pgfmath.code.tex))
(/home/bremdow/.miktex/texmfs/install/tex/generic/pgf/utilities/pgffor.code.tex
Package: pgffor 2023-01-15 v3.1.10 (3.1.10)
\pgffor@iter=\dimen277
\pgffor@skip=\dimen278
\pgffor@stack=\toks48
\pgffor@toks=\toks49
))
(/home/bremdow/.miktex/texmfs/install/tex/generic/pgf/frontendlayer/tikz/tikz.c
ode.tex
Package: tikz 2023-01-15 v3.1.10 (3.1.10)

(/home/bremdow/.miktex/texmfs/install/tex/generic/pgf/libraries/pgflibraryploth
andlers.code.tex
File: pgflibraryplothandlers.code.tex 2023-01-15 v3.1.10 (3.1.10)
\pgf@plot@mark@count=\count324
\pgfplotmarksize=\dimen279
)
\tikz@lastx=\dimen280
\tikz@lasty=\dimen281
\tikz@lastxsaved=\dimen282
\tikz@lastysaved=\dimen283
\tikz@lastmovetox=\dimen284
\tikz@lastmovetoy=\dimen285
\tikzleveldistance=\dimen286
\tikzsiblingdistance=\dimen287
\tikz@figbox=\box65
\tikz@figbox@bg=\box66
\tikz@tempbox=\box67
\tikz@tempbox@bg=\box68
\tikztreelevel=\count325
\tikznumberofchildren=\count326
\tikznumberofcurrentchild=\count327
\tikz@fig@count=\count328

(/home/bremdow/.miktex/texmfs/install/tex/generic/pgf/modules/pgfmodulematrix.c
ode.tex
File: pgfmodulematrix.code.tex 2023-01-15 v3.1.10 (3.1.10)
\pgfmatrixcurrentrow=\count329
\pgfmatrixcurrentcolumn=\count330
\pgf@matrix@numberofcolumns=\count331
)
\tikz@expandcount=\count332

(/home/bremdow/.miktex/texmfs/install/tex/generic/pgf/frontendlayer/tikz/librar
ies/tikzlibrarytopaths.code.tex
File: tikzlibrarytopaths.code.tex 2023-01-15 v3.1.10 (3.1.10)
)))
(/home/bremdow/.miktex/texmfs/install/tex/latex/pgfplots/pgfplots.sty
(/home/bremdow/.miktex/texmfs/install/tex/generic/pgfplots/pgfplots.revision.te
x)
Package: pgfplots 2021/05/15 v1.18.1 Data Visualization (1.18.1)
 (/home/bremdow/.miktex/texmfs/install/tex/generic/pgfplots/pgfplots.code.tex
(/home/bremdow/.miktex/texmfs/install/tex/generic/pgfplots/pgfplotscore.code.te
x
\t@pgfplots@toka=\toks50
\t@pgfplots@tokb=\toks51
\t@pgfplots@tokc=\toks52
\pgfplots@tmpa=\dimen288
\c@pgfplots@coordindex=\count333
\c@pgfplots@scanlineindex=\count334

(/home/bremdow/.miktex/texmfs/install/tex/generic/pgfplots/sys/pgfplotssysgener
ic.code.tex))
(/home/bremdow/.miktex/texmfs/install/tex/generic/pgfplots/libs/pgfplotslibrary
.code.tex)
(/home/bremdow/.miktex/texmfs/install/tex/generic/pgfplots/oldpgfcompatib/pgfpl
otsoldpgfsupp_loader.code.tex
(/home/bremdow/.miktex/texmfs/install/tex/generic/pgf/libraries/pgflibraryfpu.c
ode.tex)
Package pgfplots: loading complementary utilities for your pgf version...
\t@pgf@toka=\toks53
\t@pgf@tokb=\toks54
\t@pgf@tokc=\toks55

(/home/bremdow/.miktex/texmfs/install/tex/generic/pgfplots/oldpgfcompatib/pgfpl
otsoldpgfsupp_pgfutil-common-lists.tex))
(/home/bremdow/.miktex/texmfs/install/tex/generic/pgfplots/util/pgfplotsutil.co
de.tex
(/home/bremdow/.miktex/texmfs/install/tex/generic/pgfplots/liststructure/pgfplo
tsliststructure.code.tex)
(/home/bremdow/.miktex/texmfs/install/tex/generic/pgfplots/liststructure/pgfplo
tsliststructureext.code.tex)
(/home/bremdow/.miktex/texmfs/install/tex/generic/pgfplots/liststructure/pgfplo
tsarray.code.tex
\c@pgfplotsarray@tmp=\count335
)
(/home/bremdow/.miktex/texmfs/install/tex/generic/pgfplots/liststructure/pgfplo
tsmatrix.code.tex)
(/home/bremdow/.miktex/texmfs/install/tex/generic/pgfplots/numtable/pgfplotstab
leshared.code.tex
\c@pgfplotstable@counta=\count336
\t@pgfplotstable@a=\toks56
)
(/home/bremdow/.miktex/texmfs/install/tex/generic/pgfplots/liststructure/pgfplo
tsdeque.code.tex)
(/home/bremdow/.miktex/texmfs/install/tex/generic/pgfplots/util/pgfplotsbinary.
code.tex
(/home/bremdow/.miktex/texmfs/install/tex/generic/pgfplots/util/pgfplotsbinary.
data.code.tex))
(/home/bremdow/.miktex/texmfs/install/tex/generic/pgfplots/util/pgfplotsutil.ve
rb.code.tex)
(/home/bremdow/.miktex/texmfs/install/tex/generic/pgfplots/libs/pgflibrarypgfpl
ots.surfshading.code.tex
\c@pgfplotslibrarysurf@no=\count337

(/home/bremdow/.miktex/texmfs/install/tex/generic/pgfplots/sys/pgflibrarypgfplo
ts.surfshading.pgfsys-pdftex.def)))
(/home/bremdow/.miktex/texmfs/install/tex/generic/pgfplots/util/pgfplotscolorma
p.code.tex
(/home/bremdow/.miktex/texmfs/install/tex/generic/pgfplots/util/pgfplotscolor.c
ode.tex))
(/home/bremdow/.miktex/texmfs/install/tex/generic/pgfplots/pgfplotsstackedplots
.code.tex)
(/home/bremdow/.miktex/texmfs/install/tex/generic/pgfplots/pgfplotsplothandlers
.code.tex
(/home/bremdow/.miktex/texmfs/install/tex/generic/pgfplots/pgfplotsmeshplothand
ler.code.tex
(/home/bremdow/.miktex/texmfs/install/tex/generic/pgfplots/pgfplotsmeshplotimag
e.code.tex)))
(/home/bremdow/.miktex/texmfs/install/tex/generic/pgfplots/pgfplots.scaling.cod
e.tex)
(/home/bremdow/.miktex/texmfs/install/tex/generic/pgfplots/pgfplotscoordprocess
ing.code.tex)
(/home/bremdow/.miktex/texmfs/install/tex/generic/pgfplots/pgfplots.errorbars.c
ode.tex)
(/home/bremdow/.miktex/texmfs/install/tex/generic/pgfplots/pgfplots.markers.cod
e.tex)
(/home/bremdow/.miktex/texmfs/install/tex/generic/pgfplots/pgfplotsticks.code.t
ex)
(/home/bremdow/.miktex/texmfs/install/tex/generic/pgfplots/pgfplots.paths.code.
tex)
(/home/bremdow/.miktex/texmfs/install/tex/generic/pgf/frontendlayer/tikz/librar
ies/tikzlibrarydecorations.code.tex
(/home/bremdow/.miktex/texmfs/install/tex/generic/pgf/modules/pgfmoduledecorati
ons.code.tex
\pgfdecoratedcompleteddistance=\dimen289
\pgfdecoratedremainingdistance=\dimen290
\pgfdecoratedinputsegmentcompleteddistance=\dimen291
\pgfdecoratedinputsegmentremainingdistance=\dimen292
\pgf@decorate@distancetomove=\dimen293
\pgf@decorate@repeatstate=\count338
\pgfdecorationsegmentamplitude=\dimen294
\pgfdecorationsegmentlength=\dimen295
)
\tikz@lib@dec@box=\box69
)
(/home/bremdow/.miktex/texmfs/install/tex/generic/pgf/frontendlayer/tikz/librar
ies/tikzlibrarydecorations.pathmorphing.code.tex
(/home/bremdow/.miktex/texmfs/install/tex/generic/pgf/libraries/decorations/pgf
librarydecorations.pathmorphing.code.tex))
(/home/bremdow/.miktex/texmfs/install/tex/generic/pgf/frontendlayer/tikz/librar
ies/tikzlibrarydecorations.pathreplacing.code.tex
(/home/bremdow/.miktex/texmfs/install/tex/generic/pgf/libraries/decorations/pgf
librarydecorations.pathreplacing.code.tex))
(/home/bremdow/.miktex/texmfs/install/tex/generic/pgfplots/libs/tikzlibrarypgfp
lots.contourlua.code.tex)
\pgfplots@numplots=\count339
\pgfplots@xmin@reg=\dimen296
\pgfplots@xmax@reg=\dimen297
\pgfplots@ymin@reg=\dimen298
\pgfplots@ymax@reg=\dimen299
\pgfplots@zmin@reg=\dimen300
\pgfplots@zmax@reg=\dimen301
)
(/home/bremdow/.miktex/texmfs/install/tex/generic/pgf/frontendlayer/tikz/librar
ies/tikzlibraryplotmarks.code.tex
File: tikzlibraryplotmarks.code.tex 2023-01-15 v3.1.10 (3.1.10)

(/home/bremdow/.miktex/texmfs/install/tex/generic/pgf/libraries/pgflibraryplotm
arks.code.tex
File: pgflibraryplotmarks.code.tex 2023-01-15 v3.1.10 (3.1.10)
)))
(/home/bremdow/.miktex/texmfs/install/tex/latex/pgfplots/pgfplotstable.sty
(/home/bremdow/.miktex/texmfs/install/tex/generic/pgfplots/pgfplots.revision.te
x)
Package: pgfplotstable 2021/05/15 v1.18.1 Table typesetting and Pretty-printing
 (1.18.1)

(/home/bremdow/.miktex/texmfs/install/tex/generic/pgfplots/numtable/pgfplotstab
le.code.tex
(/home/bremdow/.miktex/texmfs/install/tex/generic/pgfplots/numtable/pgfplotstab
le.coltype.code.tex)))
(/home/bremdow/.miktex/texmfs/install/tex/latex/capt-of/capt-of.sty
Package: capt-of 2009/12/29 v0.2 standard captions outside of floats
)
(/home/bremdow/.miktex/texmfs/install/tex/latex/csvsimple/csvsimple.sty
Package: csvsimple 2024/09/27 v2.7.0 LaTeX CSV file processing
)
(/home/bremdow/.miktex/texmfs/install/tex/latex/csvsimple/csvsimple-legacy.sty
Package: csvsimple-legacy 2024/09/27 version 2.7.0 LaTeX2e CSV file processing

(/home/bremdow/.miktex/texmfs/install/tex/latex/base/ifthen.sty
Package: ifthen 2024/03/16 v1.1e Standard LaTeX ifthen package (DPC)
)
(/home/bremdow/.miktex/texmfs/install/tex/latex/etoolbox/etoolbox.sty
Package: etoolbox 2025/02/11 v2.5l e-TeX tools for LaTeX (JAW)
\etb@tempcnta=\count340
)
(/home/bremdow/.miktex/texmfs/install/tex/latex/tools/shellesc.sty
Package: shellesc 2023/07/08 v1.0d unified shell escape interface for LaTeX
Package shellesc Info: Restricted shell escape enabled on input line 77.
)
\csv@file=\read4
\c@csvinputline=\count341
\c@csvrow=\count342
\c@csvcol=\count343
\csv@out=\write4
)
(/home/bremdow/.miktex/texmfs/install/tex/latex/hyperref/hyperref.sty
Package: hyperref 2025-06-21 v7.01n Hypertext links for LaTeX

(/home/bremdow/.miktex/texmfs/install/tex/latex/kvsetkeys/kvsetkeys.sty
Package: kvsetkeys 2022-10-05 v1.19 Key value parser (HO)
)
(/home/bremdow/.miktex/texmfs/install/tex/generic/kvdefinekeys/kvdefinekeys.sty
Package: kvdefinekeys 2019-12-19 v1.6 Define keys (HO)
) (/home/bremdow/.miktex/texmfs/install/tex/generic/pdfescape/pdfescape.sty
Package: pdfescape 2019/12/09 v1.15 Implements pdfTeX's escape features (HO)

(/home/bremdow/.miktex/texmfs/install/tex/generic/ltxcmds/ltxcmds.sty
Package: ltxcmds 2023-12-04 v1.26 LaTeX kernel commands for general use (HO)
)
(/home/bremdow/.miktex/texmfs/install/tex/generic/pdftexcmds/pdftexcmds.sty
Package: pdftexcmds 2020-06-27 v0.33 Utility functions of pdfTeX for LuaTeX (HO
)
Package pdftexcmds Info: \pdf@primitive is available.
Package pdftexcmds Info: \pdf@ifprimitive is available.
Package pdftexcmds Info: \pdfdraftmode found.
))
(/home/bremdow/.miktex/texmfs/install/tex/latex/hycolor/hycolor.sty
Package: hycolor 2020-01-27 v1.10 Color options for hyperref/bookmark (HO)
)
(/home/bremdow/.miktex/texmfs/install/tex/latex/hyperref/nameref.sty
Package: nameref 2025-06-21 v2.57 Cross-referencing by name of section

(/home/bremdow/.miktex/texmfs/install/tex/latex/refcount/refcount.sty
Package: refcount 2019/12/15 v3.6 Data extraction from label references (HO)
)
(/home/bremdow/.miktex/texmfs/install/tex/generic/gettitlestring/gettitlestring
.sty
Package: gettitlestring 2019/12/15 v1.6 Cleanup title references (HO)
 (/home/bremdow/.miktex/texmfs/install/tex/latex/kvoptions/kvoptions.sty
Package: kvoptions 2022-06-15 v3.15 Key value format for package options (HO)
))
\c@section@level=\count344
) (/home/bremdow/.miktex/texmfs/install/tex/generic/stringenc/stringenc.sty
Package: stringenc 2019/11/29 v1.12 Convert strings between diff. encodings (HO
)
)
\@linkdim=\dimen302
\Hy@linkcounter=\count345
\Hy@pagecounter=\count346

(/home/bremdow/.miktex/texmfs/install/tex/latex/hyperref/pd1enc.def
File: pd1enc.def 2025-06-21 v7.01n Hyperref: PDFDocEncoding definition (HO)
Now handling font encoding PD1 ...
... no UTF-8 mapping file for font encoding PD1
)
(/home/bremdow/.miktex/texmfs/install/tex/generic/intcalc/intcalc.sty
Package: intcalc 2019/12/15 v1.3 Expandable calculations with integers (HO)
)
\Hy@SavedSpaceFactor=\count347

(/home/bremdow/.miktex/texmfs/install/tex/latex/hyperref/puenc.def
File: puenc.def 2025-06-21 v7.01n Hyperref: PDF Unicode definition (HO)
Now handling font encoding PU ...
... no UTF-8 mapping file for font encoding PU
)
Package hyperref Info: Option `breaklinks' set `true' on input line 4052.
Package hyperref Info: Hyper figures OFF on input line 4181.
Package hyperref Info: Link nesting OFF on input line 4186.
Package hyperref Info: Hyper index ON on input line 4189.
Package hyperref Info: Plain pages OFF on input line 4196.
Package hyperref Info: Backreferencing OFF on input line 4201.
Package hyperref Info: Implicit mode ON; LaTeX internals redefined.
Package hyperref Info: Bookmarks ON on input line 4448.
\c@Hy@tempcnt=\count348

(/home/bremdow/.miktex/texmfs/install/tex/latex/url/url.sty
\Urlmuskip=\muskip18
Package: url 2013/09/16  ver 3.4  Verb mode for urls, etc.
)
LaTeX Info: Redefining \url on input line 4787.
\XeTeXLinkMargin=\dimen303

(/home/bremdow/.miktex/texmfs/install/tex/generic/bitset/bitset.sty
Package: bitset 2019/12/09 v1.3 Handle bit-vector datatype (HO)

(/home/bremdow/.miktex/texmfs/install/tex/generic/bigintcalc/bigintcalc.sty
Package: bigintcalc 2019/12/15 v1.5 Expandable calculations on big integers (HO
)
))
\Fld@menulength=\count349
\Field@Width=\dimen304
\Fld@charsize=\dimen305
Package hyperref Info: Hyper figures OFF on input line 6066.
Package hyperref Info: Link nesting OFF on input line 6071.
Package hyperref Info: Hyper index ON on input line 6074.
Package hyperref Info: backreferencing OFF on input line 6081.
Package hyperref Info: Link coloring OFF on input line 6086.
Package hyperref Info: Link coloring with OCG OFF on input line 6091.
Package hyperref Info: PDF/A mode OFF on input line 6096.
\Hy@abspage=\count350
\c@Item=\count351
\c@Hfootnote=\count352
)
Package hyperref Info: Driver (autodetected): hpdftex.

(/home/bremdow/.miktex/texmfs/install/tex/latex/hyperref/hpdftex.def
File: hpdftex.def 2025-06-21 v7.01n Hyperref driver for pdfTeX
\Fld@listcount=\count353
\c@bookmark@seq@number=\count354

(/home/bremdow/.miktex/texmfs/install/tex/latex/rerunfilecheck/rerunfilecheck.s
ty
Package: rerunfilecheck 2025-06-21 v1.11 Rerun checks for auxiliary files (HO)

(/home/bremdow/.miktex/texmfs/install/tex/generic/uniquecounter/uniquecounter.s
ty
Package: uniquecounter 2019/12/15 v1.4 Provide unlimited unique counter (HO)
)
Package uniquecounter Info: New unique counter `rerunfilecheck' on input line 2
84.
)
\Hy@SectionHShift=\skip75
)
(/home/bremdow/.miktex/texmfs/install/tex/latex/glossaries/base/glossaries.sty
Package: glossaries 2025/08/11 v4.8 (NLCT)

(/home/bremdow/.miktex/texmfs/install/tex/latex/xkeyval/xkeyval.sty
Package: xkeyval 2022/06/16 v2.9 package option processing (HA)

(/home/bremdow/.miktex/texmfs/install/tex/generic/xkeyval/xkeyval.tex
(/home/bremdow/.miktex/texmfs/install/tex/generic/xkeyval/xkvutils.tex
\XKV@toks=\toks57
\XKV@tempa@toks=\toks58
)
\XKV@depth=\count355
File: xkeyval.tex 2014/12/03 v2.7a key=value parser (HA)
))
(/home/bremdow/.miktex/texmfs/install/tex/latex/mfirstuc/mfirstuc.sty
Package: mfirstuc 2025/04/03 v2.09 (NLCT)
\@glsmfirst=\toks59
\@glsmrest=\toks60
)
(/home/bremdow/.miktex/texmfs/install/tex/latex/xfor/xfor.sty
Package: xfor 2009/02/05 v1.05 (NLCT)
)
(/home/bremdow/.miktex/texmfs/install/tex/latex/tracklang/tracklang.sty
Package: tracklang 2025/03/11 v1.6.6 (NLCT) Track Languages

(/home/bremdow/.miktex/texmfs/install/tex/generic/tracklang/tracklang.tex)
Package tracklang Info: Tracking dialect `spanish' (language `spanish') on inpu
t line 264.
Package tracklang Info: Tracking dialect `spanish' (language `spanish') on inpu
t line 264.
)
(/home/bremdow/.miktex/texmfs/install/tex/latex/translator/translator.sty
Package: translator 2021-05-31 v1.12d Easy translation of strings in LaTeX
)
(/home/bremdow/.miktex/texmfs/install/tex/latex/glossaries-spanish/glossaries-s
panish.ldf
File: glossaries-spanish.ldf 2014/11/23 v1.0

(/home/bremdow/.miktex/texmfs/install/tex/latex/glossaries-spanish/glossaries-s
panish-utf8.ldf))
(/home/bremdow/.miktex/texmfs/install/tex/latex/datatool/datatool-base.sty
Package: datatool-base 2025/04/25 v3.4.1 (NLCT)

(/home/bremdow/.miktex/texmfs/install/tex/latex/datatool/datatool-l3fp.def
File: datatool-l3fp.def 2025/04/25 v3.4.1 (NLCT)
)
\@dtl@toks=\toks61
\@dtl@tmpcount=\count356
\dtl@tmplength=\skip76
\l__datatool_measure_box=\box70
\dtl@sortresult=\count357

(/home/bremdow/.miktex/texmfs/install/tex/latex/datatool/datatool-utf8.ldf
File: datatool-utf8.ldf 2025/04/25 v3.4.1 (NLCT)
)
\@dtl@datatype=\count358
\l__datatool_tmpa_int=\count359
\l__datatool_tmpb_int=\count360
\l__datatool_tmpc_int=\count361
\l__datatool_tmpd_int=\count362
\l__datatool_count_int=\count363
\l__datatool_tmp_datatype_int=\count364
\l__datatool_tmpa_dim=\dimen306
\l__datatool_tmpb_dim=\dimen307
\c_datatool_unknown_int=\count365
\l__datatool_year_int=\count366
\l__datatool_month_int=\count367
\l__datatool_day_int=\count368
\l__datatool_hour_int=\count369
\l__datatool_minute_int=\count370
\l__datatool_second_int=\count371
\l__datatool_tzhour_int=\count372
\l__datatool_tzminute_int=\count373
\l__datatool_julian_int=\count374
\l__datatool_local_julian_int=\count375
\l__datatool_prefix_int=\count376
\l__datatool_suffix_int=\count377
\@dtl@foreach@level=\count378


Package tracklang Warning: No `datatool' support for dialect `spanish'  on inpu
t line 9908.

\dtl@codeA=\count379
\dtl@codeB=\count380
)
\gls@level=\count381
\@gls@tmpb=\toks62
\gls@tmplen=\skip77
\l__glossaries_tmpa_dim=\dimen308
\l__glossaries_tmpb_dim=\dimen309
\glskeylisttok=\toks63
\glslabeltok=\toks64
\glsshorttok=\toks65
\glslongtok=\toks66

(/home/bremdow/.miktex/texmfs/install/tex/latex/glossaries/styles/glossary-hype
rnav.sty
Package: glossary-hypernav 2025/08/11 v4.8 (NLCT)
)
(/home/bremdow/.miktex/texmfs/install/tex/latex/glossaries/styles/glossary-list
.sty
Package: glossary-list 2025/08/11 v4.8 (NLCT)
\glslistdottedwidth=\skip78
)
(/home/bremdow/.miktex/texmfs/install/tex/latex/glossaries/styles/glossary-long
.sty
Package: glossary-long 2025/08/11 v4.8 (NLCT)
 (/home/bremdow/.miktex/texmfs/install/tex/latex/tools/longtable.sty
Package: longtable 2024-12-18 v4.23 Multi-page Table package (DPC)
\LTleft=\skip79
\LTright=\skip80
\LTpre=\skip81
\LTpost=\skip82
\LTchunksize=\count382
\LTcapwidth=\dimen310
\LT@head=\box71
\LT@firsthead=\box72
\LT@foot=\box73
\LT@lastfoot=\box74
\LT@gbox=\box75
\LT@cols=\count383
\LT@rows=\count384
\c@LT@tables=\count385
\c@LT@chunks=\count386
\LT@p@ftn=\toks67
)
\glsdescwidth=\skip83
\glspagelistwidth=\skip84
)
(/home/bremdow/.miktex/texmfs/install/tex/latex/glossaries/styles/glossary-supe
r.sty
Package: glossary-super 2025/08/11 v4.8 (NLCT)

(/home/bremdow/.miktex/texmfs/install/tex/latex/supertabular/supertabular.sty
Package: supertabular 2024/07/20 v4.2c the supertabular environment
\c@tracingst=\count387
\ST@wd=\dimen311
\ST@rightskip=\skip85
\ST@leftskip=\skip86
\ST@parfillskip=\skip87
\ST@pageleft=\dimen312
\ST@headht=\dimen313
\ST@tailht=\dimen314
\ST@pagesofar=\dimen315
\ST@pboxht=\dimen316
\ST@rowht=\dimen317
\ST@prevht=\dimen318
\ST@toadd=\dimen319
\ST@dimen=\dimen320
\ST@pbox=\box76
))
(/home/bremdow/.miktex/texmfs/install/tex/latex/glossaries/styles/glossary-tree
.sty
Package: glossary-tree 2025/08/11 v4.8 (NLCT)
\l__glossaries_tree_max_known_level_int=\count388
\l__glossaries_tree_offset_dim=\dimen321
\l__glossaries_tree_namewidth_dim=\dimen322
\l__glossaries_tree_symbolwidth_dim=\dimen323
\l__glossaries_tree_prenamesym_width_dim=\dimen324
\l__glossaries_tree_presubnamesym_width_dim=\dimen325
\l__glossaries_tree_namewidth_padding_dim=\dimen326
\l__glossaries_tree_symbolwidth_padding_dim=\dimen327
\l__glossaries_tree_namesymbolwidth_dim=\dimen328
\l__glossaries_tree_namesymbolwidth_padding_dim=\dimen329
\l__glossaries_tree_level_int=\count389
\glstreeindent=\skip88
)) (/home/bremdow/.miktex/texmfs/install/tex/latex/caption/caption.sty
Package: caption 2023/08/05 v3.6o Customizing captions (AR)

(/home/bremdow/.miktex/texmfs/install/tex/latex/caption/caption3.sty
Package: caption3 2023/07/31 v2.4d caption3 kernel (AR)
\caption@tempdima=\dimen330
\captionmargin=\dimen331
\caption@leftmargin=\dimen332
\caption@rightmargin=\dimen333
\caption@width=\dimen334
\caption@indent=\dimen335
\caption@parindent=\dimen336
\caption@hangindent=\dimen337
Package caption Info: Standard document class detected.
)
\c@caption@flags=\count390
\c@continuedfloat=\count391
Package caption Info: hyperref package is loaded.
Package caption Info: longtable package is loaded.

(/home/bremdow/.miktex/texmfs/install/tex/latex/caption/ltcaption.sty
Package: ltcaption 2021/01/08 v1.4c longtable captions (AR)
)
Package caption Info: supertabular package is loaded.
)
(/home/bremdow/.miktex/texmfs/install/tex/latex/booktabs/booktabs.sty
Package: booktabs 2020/01/12 v1.61803398 Publication quality tables
\heavyrulewidth=\dimen338
\lightrulewidth=\dimen339
\cmidrulewidth=\dimen340
\belowrulesep=\dimen341
\belowbottomsep=\dimen342
\aboverulesep=\dimen343
\abovetopsep=\dimen344
\cmidrulesep=\dimen345
\cmidrulekern=\dimen346
\defaultaddspace=\dimen347
\@cmidla=\count392
\@cmidlb=\count393
\@aboverulesep=\dimen348
\@belowrulesep=\dimen349
\@thisruleclass=\count394
\@lastruleclass=\count395
\@thisrulewidth=\dimen350
)
(/home/bremdow/.miktex/texmfs/install/tex/latex/todonotes/todonotes.sty
Package: todonotes 2024/01/05 v1.1.7 Todonotes source and documentation.
Package: todonotes 2024/01/05

(/home/bremdow/.miktex/texmfs/install/tex/generic/pgf/frontendlayer/tikz/librar
ies/tikzlibrarypositioning.code.tex
File: tikzlibrarypositioning.code.tex 2023-01-15 v3.1.10 (3.1.10)
)
(/home/bremdow/.miktex/texmfs/install/tex/latex/tools/calc.sty
Package: calc 2025/03/01 v4.3b Infix arithmetic (KKT,FJ)
\calc@Acount=\count396
\calc@Bcount=\count397
\calc@Adimen=\dimen351
\calc@Bdimen=\dimen352
\calc@Askip=\skip89
\calc@Bskip=\skip90
LaTeX Info: Redefining \setlength on input line 86.
LaTeX Info: Redefining \addtolength on input line 87.
\calc@Ccount=\count398
\calc@Cskip=\skip91
)
\c@@todonotes@numberoftodonotes=\count399
)
(/home/bremdow/.miktex/texmfs/install/tex/latex/jknappen/mathrsfs.sty
Package: mathrsfs 1996/01/01 Math RSFS package v1.0 (jk)
\symrsfs=\mathgroup4
)
\c@proposicion=\count400

(/home/bremdow/.miktex/texmfs/install/tex/latex/amsfonts/amsfonts.sty
Package: amsfonts 2013/01/14 v3.01 Basic AMSFonts support
\symAMSa=\mathgroup5
\symAMSb=\mathgroup6
LaTeX Font Info:    Redeclaring math symbol \hbar on input line 98.
LaTeX Font Info:    Overwriting math alphabet `\mathfrak' in version `bold'
(Font)                  U/euf/m/n --> U/euf/b/n on input line 106.
)
(/home/bremdow/.miktex/texmfs/install/tex/latex/siunitx/siunitx.sty
Package: siunitx 2025-07-09 v3.4.14 A comprehensive (SI) units package
\l__siunitx_number_uncert_offset_int=\count401
\l__siunitx_number_exponent_fixed_int=\count402
\l__siunitx_number_min_decimal_int=\count403
\l__siunitx_number_min_integer_int=\count404
\l__siunitx_number_round_precision_int=\count405
\l__siunitx_number_lower_threshold_int=\count406
\l__siunitx_number_upper_threshold_int=\count407
\l__siunitx_number_group_first_int=\count408
\l__siunitx_number_group_size_int=\count409
\l__siunitx_number_group_minimum_int=\count410
\l__siunitx_angle_tmp_dim=\dimen353
\l__siunitx_angle_marker_box=\box77
\l__siunitx_angle_unit_box=\box78
\l__siunitx_compound_count_int=\count411

(/home/bremdow/.miktex/texmfs/install/tex/latex/translations/translations.sty
Package: translations 2022/02/05 v1.12 internationalization of LaTeX2e packages
 (CN)
)
\l__siunitx_table_tmp_box=\box79
\l__siunitx_table_tmp_dim=\dimen354
\l__siunitx_table_column_width_dim=\dimen355
\l__siunitx_table_integer_box=\box80
\l__siunitx_table_decimal_box=\box81
\l__siunitx_table_uncert_box=\box82
\l__siunitx_table_before_box=\box83
\l__siunitx_table_after_box=\box84
\l__siunitx_table_before_dim=\dimen356
\l__siunitx_table_carry_dim=\dimen357
\l__siunitx_unit_tmp_int=\count412
\l__siunitx_unit_position_int=\count413
\l__siunitx_unit_total_int=\count414
) (/home/bremdow/.miktex/texmfs/install/tex/latex/adjustbox/adjustbox.sty
Package: adjustbox 2025/02/26 v1.3c Adjusting TeX boxes (trim, clip, ...)

(/home/bremdow/.miktex/texmfs/install/tex/latex/adjustbox/adjcalc.sty
Package: adjcalc 2012/05/16 v1.1 Provides advanced setlength with multiple back
-ends (calc, etex, pgfmath)
)
(/home/bremdow/.miktex/texmfs/install/tex/latex/adjustbox/trimclip.sty
Package: trimclip 2025/02/21 v1.2a Trim and clip general TeX material

(/home/bremdow/.miktex/texmfs/install/tex/latex/collectbox/collectbox.sty
Package: collectbox 2022/10/17 v0.4c Collect macro arguments as boxes
\collectedbox=\box85
)
\tc@llx=\dimen358
\tc@lly=\dimen359
\tc@urx=\dimen360
\tc@ury=\dimen361
Package trimclip Info: Using driver 'tc-pdftex.def'.

(/home/bremdow/.miktex/texmfs/install/tex/latex/adjustbox/tc-pdftex.def
File: tc-pdftex.def 2025/02/26 v2.3 Clipping driver for pdftex
))
\adjbox@Width=\dimen362
\adjbox@Height=\dimen363
\adjbox@Depth=\dimen364
\adjbox@Totalheight=\dimen365
\adjbox@pwidth=\dimen366
\adjbox@pheight=\dimen367
\adjbox@pdepth=\dimen368
\adjbox@ptotalheight=\dimen369

(/home/bremdow/.miktex/texmfs/install/tex/latex/ifoddpage/ifoddpage.sty
Package: ifoddpage 2022/10/18 v1.2 Conditionals for odd/even page detection
\c@checkoddpage=\count415
)
(/home/bremdow/.miktex/texmfs/install/tex/latex/varwidth/varwidth.sty
Package: varwidth 2009/03/30 ver 0.92;  Variable-width minipages
\@vwid@box=\box86
\sift@deathcycles=\count416
\@vwid@loff=\dimen370
\@vwid@roff=\dimen371
)
==> First Aid for varwidth.sty applied!
)
(/home/bremdow/.miktex/texmfs/install/tex/generic/pgfplots/libs/tikzlibrarypgfp
lots.colormaps.code.tex)
(/home/bremdow/.miktex/texmfs/install/tex/latex/sidecap/sidecap.sty
Package: sidecap 2023/01/24 v1.7a SideCap Package (RN/HjG)
\SC@BOXWD=\dimen372
\SC@CAPWD=\dimen373
\SC@tempdima=\dimen374
\SC@tempdimb=\dimen375
\c@SC@C=\count417
\SC@BOX=\box87
)
(/home/bremdow/.miktex/texmfs/install/tex/latex/natbib/natbib.sty
Package: natbib 2010/09/13 8.31b (PWD, AO)
\bibhang=\skip92
\bibsep=\skip93
LaTeX Info: Redefining \cite on input line 694.
\c@NAT@ctr=\count418
)
(/home/bremdow/.miktex/texmfs/install/tex/latex/tikz-qtree/tikz-qtree.sty
(/home/bremdow/.miktex/texmfs/install/tex/latex/tikz-qtree/pgftree.sty
(/home/bremdow/.miktex/texmfs/install/tex/latex/tikz-qtree/pgfsubpic.sty
(/home/bremdow/.miktex/texmfs/install/tex/generic/tikz-qtree/pgfsubpic.tex
\pgf@subpicminx=\dimen376
\pgf@subpicminy=\dimen377
\pgf@subpicmaxx=\dimen378
\pgf@subpicmaxy=\dimen379
))
(/home/bremdow/.miktex/texmfs/install/tex/generic/tikz-qtree/pgftree.tex
\levelsep=\dimen380
\subtreesep=\dimen381
\smuggle@levelsep=\dimen382
\smuggle@subtreesep=\dimen383
\this@levelsep=\dimen384
\this@subtreesep=\dimen385
\pgftree@childx=\dimen386
\pgftree@savechildx=\dimen387
\pgftree@childy=\dimen388
\pgftree@savechildy=\dimen389
\pgftree@childi=\count419
\pgftree@savechildi=\count420
\pgftree@level=\count421
\pgftree@depth=\dimen390
\pgf@subpic@hbox@children=\box88
\pgf@subpic@minx@children=\dimen391
\pgf@subpic@miny@children=\dimen392
\pgf@subpic@maxx@children=\dimen393
\pgf@subpic@maxy@children=\dimen394
\pgftree@lastchildx=\dimen395
\pgftree@lastchildy=\dimen396
))
(/home/bremdow/.miktex/texmfs/install/tex/generic/tikz-qtree/tikz-qtree.tex
\@result=\toks68
\child@list=\toks69
\root@node=\toks70
))
(/home/bremdow/.miktex/texmfs/install/tex/latex/arydshln/arydshln.sty
Package: arydshln 2019/02/21 v1.76 
\dashlinedash=\dimen397
\dashlinegap=\dimen398
\adl@box=\box89
\adl@height=\dimen399
\adl@heightsave=\dimen400
\adl@depth=\dimen401
\adl@depthsave=\dimen402
\adl@finaldepth=\dimen403
\adl@columns=\count422
\adl@ncol=\count423
\adl@currentcolumn=\count424
\adl@currentcolumnsave=\count425
\adl@totalheight=\count426
\adl@totalheightsave=\count427
\adl@dash=\count428
\adl@gap=\count429
\adl@cla=\count430
\adl@clb=\count431
\adl@everyvbox=\toks71
\adl@LTpagetotal=\dimen404
)
==> First Aid for arydshln.sty applied!
(/home/bremdow/.miktex/texmfs/install/tex/latex/float/float.sty
Package: float 2001/11/08 v1.3d Float enhancements (AL)
\c@float@type=\count432
\float@exts=\toks72
\float@box=\box90
\@float@everytoks=\toks73
\@floatcapt=\box91
)
(/home/bremdow/.miktex/texmfs/install/tex/generic/pgf/frontendlayer/tikz/librar
ies/tikzlibraryshapes.geometric.code.tex
File: tikzlibraryshapes.geometric.code.tex 2023-01-15 v3.1.10 (3.1.10)

(/home/bremdow/.miktex/texmfs/install/tex/generic/pgf/libraries/shapes/pgflibra
ryshapes.geometric.code.tex
File: pgflibraryshapes.geometric.code.tex 2023-01-15 v3.1.10 (3.1.10)
))
(/home/bremdow/.miktex/texmfs/install/tex/generic/pgf/frontendlayer/tikz/librar
ies/tikzlibraryarrows.code.tex
File: tikzlibraryarrows.code.tex 2023-01-15 v3.1.10 (3.1.10)

(/home/bremdow/.miktex/texmfs/install/tex/generic/pgf/libraries/pgflibraryarrow
s.code.tex
File: pgflibraryarrows.code.tex 2023-01-15 v3.1.10 (3.1.10)
\arrowsize=\dimen405
))
(/home/bremdow/.miktex/texmfs/install/tex/generic/pgf/frontendlayer/tikz/librar
ies/tikzlibraryshadows.code.tex
File: tikzlibraryshadows.code.tex 2023-01-15 v3.1.10 (3.1.10)

(/home/bremdow/.miktex/texmfs/install/tex/generic/pgf/frontendlayer/tikz/librar
ies/tikzlibraryfadings.code.tex
File: tikzlibraryfadings.code.tex 2023-01-15 v3.1.10 (3.1.10)

(/home/bremdow/.miktex/texmfs/install/tex/generic/pgf/libraries/pgflibraryfadin
gs.code.tex
File: pgflibraryfadings.code.tex 2023-01-15 v3.1.10 (3.1.10)
)))
(/home/bremdow/.miktex/texmfs/install/tex/generic/pgf/frontendlayer/tikz/librar
ies/tikzlibrarytrees.code.tex
File: tikzlibrarytrees.code.tex 2023-01-15 v3.1.10 (3.1.10)
)
(/home/bremdow/.miktex/texmfs/install/tex/generic/pgf/frontendlayer/tikz/librar
ies/tikzlibrarycalc.code.tex
File: tikzlibrarycalc.code.tex 2023-01-15 v3.1.10 (3.1.10)
)
(/home/bremdow/.miktex/texmfs/install/tex/latex/tikzmark/tikzlibrarytikzmark.co
de.tex
File: tikzlibrarytikzmark.code.tex 2022/08/24 v1.15 TikZ library for marking po
sitions in a document
 (/home/bremdow/.miktex/texmfs/install/tex/latex/l3kernel/expl3.sty
Package: expl3 2025-06-09 L3 programming layer (loader) 

(/home/bremdow/.miktex/texmfs/install/tex/latex/l3backend-dev/l3backend-pdftex.
def
File: l3backend-pdftex.def 2025-06-09 L3 backend support: PDF output (pdfTeX)
\l__color_backend_stack_int=\count433
))
(/home/bremdow/.miktex/texmfs/install/tex/latex/l3packages/l3keys2e/l3keys2e.st
y
Package: l3keys2e 2024-08-16 LaTeX2e option processing using LaTeX3 keys
) (/home/bremdow/.miktex/texmfs/install/tex/latex/l3packages/xparse/xparse.sty
Package: xparse 2024-08-16 L3 Experimental document command parser
)
\l__sn_x_dim=\dimen406
\l__sn_y_dim=\dimen407
\l__sn_xa_dim=\dimen408
\l__sn_ya_dim=\dimen409
)
(/home/bremdow/.miktex/texmfs/install/tex/generic/pgf/frontendlayer/tikz/librar
ies/tikzlibraryspy.code.tex
File: tikzlibraryspy.code.tex 2023-01-15 v3.1.10 (3.1.10)
\tikz@lib@spybox=\box92
)
(/home/bremdow/.miktex/texmfs/install/tex/generic/pgf/frontendlayer/tikz/librar
ies/tikzlibrarymindmap.code.tex
File: tikzlibrarymindmap.code.tex 2023-01-15 v3.1.10 (3.1.10)
)
(/home/bremdow/.miktex/texmfs/install/tex/generic/pgf/frontendlayer/tikz/librar
ies/tikzlibrarymatrix.code.tex
File: tikzlibrarymatrix.code.tex 2023-01-15 v3.1.10 (3.1.10)
)
(/home/bremdow/.miktex/texmfs/install/tex/latex/psnfss/pifont.sty
Package: pifont 2020/03/25 PSNFSS-v9.3 Pi font support (SPQR) 
LaTeX Font Info:    Trying to load font information for U+pzd on input line 63.


(/home/bremdow/.miktex/texmfs/install/tex/latex/psnfss/upzd.fd
File: upzd.fd 2001/06/04 font definitions for U/pzd.
)
LaTeX Font Info:    Trying to load font information for U+psy on input line 64.


(/home/bremdow/.miktex/texmfs/install/tex/latex/psnfss/upsy.fd
File: upsy.fd 2001/06/04 font definitions for U/psy.
))
(/home/bremdow/.miktex/texmfs/install/tex/latex/base/fontenc.sty
Package: fontenc 2024/12/21 v2.1c Standard LaTeX package
LaTeX Font Info:    Trying to load font information for T1+aer on input line 11
6.

(/home/bremdow/.miktex/texmfs/install/tex/latex/ae/t1aer.fd
File: t1aer.fd 1997/11/16 Font definitions for T1/aer.
))
(/home/bremdow/.miktex/texmfs/install/tex/latex/titlesec/titlesec.sty
Package: titlesec 2025/01/04 v2.17 Sectioning titles
\ttl@box=\box93
\beforetitleunit=\skip94
\aftertitleunit=\skip95
\ttl@plus=\dimen410
\ttl@minus=\dimen411
\ttl@toksa=\toks74
\titlewidth=\dimen412
\titlewidthlast=\dimen413
\titlewidthfirst=\dimen414
)
(/home/bremdow/.miktex/texmfs/install/tex/latex/blindtext/blindtext.sty
Package: blindtext 2012/01/06 V2.0 blindtext-Package

(/home/bremdow/.miktex/texmfs/install/tex/latex/tools/xspace.sty
Package: xspace 2014/10/28 v1.13 Space after command names (DPC,MH)
)
\c@blindtext=\count434
\c@Blindtext=\count435
\c@blind@countparstart=\count436
\blind@countxx=\count437
\blindtext@numBlindtext=\count438
\blind@countyy=\count439
\c@blindlist=\count440
\c@blindlistlevel=\count441
\c@blindlist@level=\count442
\blind@listitem=\count443
\c@blind@listcount=\count444
\c@blind@levelcount=\count445
\blind@mathformula=\count446
\blind@Mathformula=\count447
\c@blind@randomcount=\count448
\c@blind@randommax=\count449
\c@blind@pangramcount=\count450
\c@blind@pangrammax=\count451
)
(/home/bremdow/.miktex/texmfs/install/tex/latex/forloop/forloop.sty
Package: forloop 2023/05/03 v3.0 For Loops for LaTeX
)
\c@loopcntr=\count452
)
(/home/bremdow/.miktex/texmfs/install/tex/latex/tocbibind/tocbibind.sty
Package: tocbibind 2010/10/13 v1.5k extra ToC listings
Package tocbibind Info: The document has chapter divisions on input line 50.


Package tocbibind Note: Using chapter style headings, unless overridden.

) (/home/bremdow/.miktex/texmfs/install/tex/latex/subfig/subfig.sty
Package: subfig 2005/06/28 ver: 1.3 subfig package
\c@KVtest=\count453
\sf@farskip=\skip96
\sf@captopadj=\dimen415
\sf@capskip=\skip97
\sf@nearskip=\skip98
\c@subfigure=\count454
\c@subfigure@save=\count455
\c@lofdepth=\count456
\c@subtable=\count457
\c@subtable@save=\count458
\c@lotdepth=\count459
\sf@top=\skip99
\sf@bottom=\skip100
)
(/home/bremdow/.miktex/texmfs/install/tex/latex/doublestroke/dsfont.sty
Package: dsfont 1995/08/01 v0.1 Double stroke roman fonts
)
(gantt.sty
Package: gantt 2011/03/20 Some macros for drawing gantt diagrams using tkiz v.1
.3

(/home/bremdow/.miktex/texmfs/install/tex/generic/pgf/frontendlayer/tikz/librar
ies/tikzlibrarypatterns.code.tex
File: tikzlibrarypatterns.code.tex 2023-01-15 v3.1.10 (3.1.10)

(/home/bremdow/.miktex/texmfs/install/tex/generic/pgf/libraries/pgflibrarypatte
rns.code.tex
File: pgflibrarypatterns.code.tex 2023-01-15 v3.1.10 (3.1.10)
))
\c@ganttnum=\count460
\c@ganttwidth=\count461
\ganttlastx=\skip101
\nextganttlastx=\skip102
\gantttmpa=\skip103
\gantttmpb=\skip104
\ganttunitlength=\skip105
\titleunitlength=\skip106
\c@gantttitlenum=\count462
\pgf@layerbox@background=\box94
\pgf@layerboxsaved@background=\box95
\pgf@layerbox@foreground=\box96
\pgf@layerboxsaved@foreground=\box97
)
(/home/bremdow/.miktex/texmfs/install/tex/latex/algorithm2e/algorithm2e.sty
Package: algorithm2e 2017/07/18 v5.2 algorithms environments
\c@AlgoLine=\count463
\algocf@hangindent=\skip107

(/home/bremdow/.miktex/texmfs/install/tex/latex/relsize/relsize.sty
Package: relsize 2013/03/29 ver 4.1
)
\skiptotal=\skip108
\skiplinenumber=\skip109
\skiprule=\skip110
\skiphlne=\skip111
\skiptext=\skip112
\skiplength=\skip113
\algomargin=\skip114
\skipalgocfslide=\skip115
\algowidth=\dimen416
\inoutsize=\dimen417
\inoutindent=\dimen418
\interspacetitleruled=\dimen419
\interspacealgoruled=\dimen420
\interspacetitleboxruled=\dimen421
\algocf@ruledwidth=\skip116
\algocf@inoutbox=\box98
\algocf@inputbox=\box99
\AlCapSkip=\skip117
\AlCapHSkip=\skip118
\algoskipindent=\skip119
\algocf@nlbox=\box100
\algocf@hangingbox=\box101
\algocf@untilbox=\box102
\algocf@skipuntil=\skip120
\algocf@capbox=\box103
\algocf@lcaptionbox=\skip121
\algoheightruledefault=\skip122
\algoheightrule=\skip123
\algotitleheightruledefault=\skip124
\algotitleheightrule=\skip125
\c@algocfline=\count464
\c@algocfproc=\count465
\c@algocf=\count466
\algocf@algoframe=\box104
\algocf@algobox=\box105
)
\c@defn=\count467
 (main.aux
LaTeX Info: Redefining \. on input line 16.
LaTeX Info: Redefining \% on input line 16.
Package babel Info: 'spanish' activates 'spanish' shorthands.
(babel)             Reported  on input line 16.
)
\openout1 = `main.aux'.

LaTeX Font Info:    Checking defaults for OML/cmm/m/it on input line 13.
LaTeX Font Info:    ... okay on input line 13.
LaTeX Font Info:    Checking defaults for OMS/cmsy/m/n on input line 13.
LaTeX Font Info:    ... okay on input line 13.
LaTeX Font Info:    Checking defaults for OT1/cmr/m/n on input line 13.
LaTeX Font Info:    ... okay on input line 13.
LaTeX Font Info:    Checking defaults for T1/cmr/m/n on input line 13.
LaTeX Font Info:    ... okay on input line 13.
LaTeX Font Info:    Checking defaults for TS1/cmr/m/n on input line 13.
LaTeX Font Info:    ... okay on input line 13.
LaTeX Font Info:    Checking defaults for OMX/cmex/m/n on input line 13.
LaTeX Font Info:    ... okay on input line 13.
LaTeX Font Info:    Checking defaults for U/cmr/m/n on input line 13.
LaTeX Font Info:    ... okay on input line 13.
LaTeX Font Info:    Checking defaults for PD1/pdf/m/n on input line 13.
LaTeX Font Info:    ... okay on input line 13.
LaTeX Font Info:    Checking defaults for PU/pdf/m/n on input line 13.
LaTeX Font Info:    ... okay on input line 13.
LaTeX Info: Redefining \. on input line 13.
LaTeX Info: Redefining \% on input line 13.
 (/home/bremdow/.miktex/texmfs/install/tex/context/base/mkii/supp-pdf.mkii
[Loading MPS to PDF converter (version 2006.09.02).]
\scratchcounter=\count468
\scratchdimen=\dimen422
\scratchbox=\box106
\nofMPsegments=\count469
\nofMParguments=\count470
\everyMPshowfont=\toks75
\MPscratchCnt=\count471
\MPscratchDim=\dimen423
\MPnumerator=\count472
\makeMPintoPDFobject=\count473
\everyMPtoPDFconversion=\toks76
)
(/home/bremdow/.miktex/texmfs/install/tex/latex/epstopdf-pkg/epstopdf-base.sty
Package: epstopdf-base 2020-01-24 v2.11 Base part for package epstopdf
Package epstopdf-base Info: Redefining graphics rule for `.eps' on input line 4
85.

(/home/bremdow/.miktex/texmfs/install/tex/latex/00miktex/epstopdf-sys.cfg
File: epstopdf-sys.cfg 2021/03/18 v2.0 Configuration of epstopdf for MiKTeX
))
*geometry* driver: auto-detecting
*geometry* detected driver: pdftex
*geometry* verbose mode - [ preamble ] result:
* driver: pdftex
* paper: a4paper
* layout: <same size as paper>
* layoutoffset:(h,v)=(0.0pt,0.0pt)
* modes: twoside 
* h-part:(L,W,R)=(85.35826pt, 441.01773pt, 71.13188pt)
* v-part:(T,H,B)=(85.35826pt, 674.33032pt, 85.35826pt)
* \paperwidth=597.50787pt
* \paperheight=845.04684pt
* \textwidth=441.01773pt
* \textheight=674.33032pt
* \oddsidemargin=13.08827pt
* \evensidemargin=-1.1381pt
* \topmargin=-18.78552pt
* \headheight=12.0pt
* \headsep=19.8738pt
* \topskip=12.0pt
* \footskip=30.0pt
* \marginparwidth=88.0pt
* \marginparsep=7.0pt
* \columnsep=10.0pt
* \skip\footins=10.8pt plus 4.0pt minus 2.0pt
* \hoffset=0.0pt
* \voffset=0.0pt
* \mag=1000
* \@twocolumnfalse
* \@twosidetrue
* \@mparswitchtrue
* \@reversemarginfalse
* (1in=72.27pt=25.4mm, 1cm=28.453pt)

Package pgfplots notification 'compat/show suggested version=true': you might b
enefit from \pgfplotsset{compat=1.18} (current compat level: 1.13).

Package hyperref Info: Link coloring OFF on input line 13.
(main.out) (main.out)
\@outlinefile=\write5
\openout5 = `main.out'.

Package caption Info: Begin \AtBeginDocument code.
Package caption Info: subfig package v1.3 is loaded.
Package caption Info: float package is loaded.
Package caption Info: sidecap package is loaded.
Package caption Info: End \AtBeginDocument code.

(/home/bremdow/.miktex/texmfs/install/tex/latex/translations/dicts/translations
-basic-dictionary-spanish.trsl
File: translations-basic-dictionary-spanish.trsl (spanish translation file `tra
nslations-basic-dictionary')
)
Package translations Info: loading dictionary `translations-basic-dictionary' f
or `spanish'. on input line 13.

(/home/bremdow/.miktex/texmfs/install/tex/latex/ragged2e/ragged2e.sty
Package: ragged2e 2023/06/22 v3.6 ragged2e Package
\CenteringLeftskip=\skip126
\RaggedLeftLeftskip=\skip127
\RaggedRightLeftskip=\skip128
\CenteringRightskip=\skip129
\RaggedLeftRightskip=\skip130
\RaggedRightRightskip=\skip131
\CenteringParfillskip=\skip132
\RaggedLeftParfillskip=\skip133
\RaggedRightParfillskip=\skip134
\JustifyingParfillskip=\skip135
\CenteringParindent=\skip136
\RaggedLeftParindent=\skip137
\RaggedRightParindent=\skip138
\JustifyingParindent=\skip139
)
<graficos/escudo.png, id=96, 555.07375pt x 714.67pt>
File: graficos/escudo.png Graphic file (type png)
<use graficos/escudo.png>
Package pdftex.def Info: graficos/escudo.png  used on input line 16.
(pdftex.def)             Requested size: 144.31577pt x 185.80981pt.

Overfull \hbox (2.84526pt too wide) in paragraph at lines 16--16
 [][] 
 []


Overfull \hbox (2.84526pt too wide) in paragraph at lines 16--16
 [][] 
 []

LaTeX Font Info:    Trying to load font information for U+rsfs on input line 16
.
(/home/bremdow/.miktex/texmfs/install/tex/latex/jknappen/ursfs.fd
File: ursfs.fd 1998/03/24 rsfs font definition file (jk)
)
LaTeX Font Info:    Trying to load font information for U+msa on input line 16.


(/home/bremdow/.miktex/texmfs/install/tex/latex/amsfonts/umsa.fd
File: umsa.fd 2013/01/14 v3.01 AMS symbols A
)
LaTeX Font Info:    Trying to load font information for U+msb on input line 16.


(/home/bremdow/.miktex/texmfs/install/tex/latex/amsfonts/umsb.fd
File: umsb.fd 2013/01/14 v3.01 AMS symbols B
)
Overfull \hbox (157.9267pt too wide) in paragraph at lines 16--16
[][] 
 []

(contenido/resumen.tex

[1

{/home/bremdow/.miktex/texmfs/data/fonts/map/pdftex/pdftex.map} <./graficos/esc
udo.png>]
Overfull \hbox (26.47137pt too wide) in paragraph at lines 5--6
 \T1/aer/m/n/12 robots montados en pacientes como SpineAssist, aunque enfrentan
 limitaciones 
 []


Overfull \hbox (15.16261pt too wide) in paragraph at lines 5--6
 \T1/aer/m/n/12 como altos costos y tecnologa en desarrollo. En rehabilitacin
, exoesqueletos 
 []


Overfull \hbox (9.946pt too wide) in paragraph at lines 5--6
 \T1/aer/m/n/12 como HAL potencian la movilidad detectando bioseales, mientras
 sistemas 
 []


Overfull \hbox (18.9191pt too wide) in paragraph at lines 5--6
 \T1/aer/m/n/12 como ARMIN y LOKOMAT facilitan terapias activas/pasivas para mi
embros 
 []


Overfull \hbox (6.85919pt too wide) in paragraph at lines 5--6
 \T1/aer/m/n/12 y esttica. En asistencia, robots fijos (RAID), montados en sil
las (MANUS) 
 []



[2

]) (main.toc
LaTeX Info: Redefining \. on input line 1.
LaTeX Info: Redefining \% on input line 1.


[3


])
\tf@toc=\write6
\openout6 = `main.toc'.



LaTeX Info: Redefining \. on input line 21.
LaTeX Info: Redefining \% on input line 21.
Package babel Info: 'spanish' activates 'spanish' shorthands.
(babel)             Reported  on input line 21.
[4] (main.lot
LaTeX Info: Redefining \. on input line 1.
LaTeX Info: Redefining \% on input line 1.
)
\tf@lot=\write7
\openout7 = `main.lot'.



[5

] (main.lof
LaTeX Info: Redefining \. on input line 1.
LaTeX Info: Redefining \% on input line 1.
)
\tf@lof=\write8
\openout8 = `main.lof'.



[6

] (contenido/point_1_introduccion.tex
Cap\'{\i }tulo 1.

Overfull \hbox (7.0833pt too wide) in paragraph at lines 3--4
\T1/aer/m/n/12 posteriores que agregan precisin y altas tasas de efectividad e
n procedimientos delicados. 
 []


Overfull \hbox (15.47523pt too wide) in paragraph at lines 5--6
[]\T1/aer/m/n/12 Actualmente en la biomdica se presentan diferentes propuestas
 de robots dedicados
 []

) (contenido/point_2_marco_teorico.tex
Overfull \hbox (18.50905pt too wide) in paragraph at lines 10--1
\T1/aer/m/n/12 desde la dcada de 1960, utilizan seales musculares para restau
rar funciones en amputados,
 []



[1


]
Cap\'{\i }tulo 2.

Overfull \hbox (7.77734pt too wide) in paragraph at lines 5--7
\T1/aer/m/n/12 hacerlo la NASA (National Aeronautics and Space Administration) 
y la DARPA (Defense
 []


Package hyperref Warning: Difference (2) between bookmark levels is greater 
(hyperref)                than one, level fixed on input line 11.


Overfull \hbox (19.61253pt too wide) in paragraph at lines 16--17
\T1/aer/m/n/12 Inc (Sunnyvale, California, USA) desarrollando un proyecto compl
eto de robtica quirrgica
 []



[2

]
<1.png, id=174, 783.92876pt x 563.10374pt>
File: 1.png Graphic file (type png)
<use 1.png>
Package pdftex.def Info: 1.png  used on input line 28.
(pdftex.def)             Requested size: 220.50887pt x 158.38972pt.

Overfull \hbox (6.92137pt too wide) in paragraph at lines 38--39
\T1/aer/m/n/12 ^^PHap^^Q Paul, y el Dr. William Bargar, cirujano ortopdico. Am
bos cirujanos se propusieron
 []



[3 <./1.png (PNG copy)>]
Overfull \hbox (19.85313pt too wide) in paragraph at lines 47--48
\T1/aer/m/n/12 durante la contraccin de los msculos del mun, los cuales son
 transmitidos y amplificados
 []


Overfull \hbox (2.38892pt too wide) in paragraph at lines 47--48
\T1/aer/m/n/12 para producir el movimiento. En un inicio, solo se utilizaban en
 personas con amputacin
 []

<2.png, id=183, 503.63156pt x 382.42876pt>
File: 2.png Graphic file (type png)
<use 2.png>
Package pdftex.def Info: 2.png  used on input line 51.
(pdftex.def)             Requested size: 220.50887pt x 167.44054pt.

Overfull \hbox (17.62093pt too wide) in paragraph at lines 59--60
\T1/aer/m/n/12 fuerza y velocidad de prensin, as como muchas posibilidades de
 combinacin y ampliacin. 
 []


Overfull \hbox (2.1291pt too wide) in paragraph at lines 61--62
\T1/aer/m/n/12 encendindolos y apagndolos en la mano, la mueca o el codo par
a producir movimiento
 []



LaTeX Info: Redefining \. on input line 65.
LaTeX Info: Redefining \% on input line 65.
[4 <./2.png>]) (contenido/point_3_desarrollo.tex

[5]
Cap\'{\i }tulo 3.

Overfull \hbox (21.34065pt too wide) in paragraph at lines 6--7
\T1/aer/m/n/12 tras su aprobacin por la FDA. Pese a estas caractersticas, al 
igual que otros manipuladores,
 []


Overfull \hbox (19.09651pt too wide) in paragraph at lines 11--12
\T1/aer/m/n/12 tareas como transporte de materiales, monitoreo de pacientes o a
sistencia en procedimientos
 []


Overfull \hbox (16.65874pt too wide) in paragraph at lines 11--12
\T1/aer/m/n/12 del entorno hospitalario sin interferir con otras tecnologas m
dicas [opensurg2013robotica]. 
 []


Overfull \hbox (3.4733pt too wide) in paragraph at lines 13--14
\T1/aer/m/n/12 expansin del uso de la robtica en la atencin mdica, no solo 
en ciruga o rehabilitacin,
 []


Overfull \hbox (28.38272pt too wide) in paragraph at lines 13--14
\T1/aer/m/n/12 sino tambin en la gestin cotidiana y el soporte logstico hosp
italario [opensurg2013robotica]. 
 []



[6

]
Overfull \hbox (9.97667pt too wide) in paragraph at lines 17--18
\T1/aer/m/n/12 navegacin que facilitan la movilidad de personas con discapacid
ad motriz, incrementando
 []


Overfull \hbox (6.91672pt too wide) in paragraph at lines 17--18
\T1/aer/m/n/12 sensores, cmaras y tecnologas de mapeo que les permiten adapta
rse a distintos entornos,
 []


Overfull \hbox (1.3206pt too wide) in paragraph at lines 17--18
\T1/aer/m/n/12 tanto interiores como exteriores. As, los usuarios pueden despl
azarse con menor esfuerzo
 []


Overfull \hbox (61.39597pt too wide) in paragraph at lines 17--18
\T1/aer/m/n/12 complejos o desconocidos, donde la asistencia tradicional puede 
ser limitada [opensurg2013robotica]. 
 []


Overfull \hbox (7.67473pt too wide) in paragraph at lines 23--24
[]\T1/aer/m/n/12 Los robots asistenciales para la navegacin estn diseados pa
ra ayudar a personas
 []


Overfull \hbox (11.68723pt too wide) in paragraph at lines 23--24
\T1/aer/m/n/12 obstculos y ofreciendo indicaciones en tiempo real. Su funcin 
es proporcionar orientacin
 []


Overfull \hbox (10.64828pt too wide) in paragraph at lines 23--24
\T1/aer/m/n/12 precisa y soporte activo durante la navegacin, mejorando signif
icativamente la autonoma
 []

) (contenido/point_4_analisis_discusion.tex
Overfull \hbox (8.93286pt too wide) in paragraph at lines 25--1
\T1/aer/m/n/12 que permiten ajustes personalizados segn el nivel de discapacid
ad del usuario, facilitando
 []



[7]

LaTeX Info: Redefining \. on input line 1.
LaTeX Info: Redefining \% on input line 1.
[8]
Cap\'{\i }tulo 4.
) (contenido/point_5_conclusiones.tex

[9

]
Cap\'{\i }tulo 5.
) (main.bbl

[10

])

[11

] (main.aux
LaTeX Info: Redefining \. on input line 16.
LaTeX Info: Redefining \% on input line 16.
)
 ***********
LaTeX2e <2025-06-01> patch level 1
L3 programming layer <2025-06-09>
 ***********
Package rerunfilecheck Info: File `main.out' has not changed.
(rerunfilecheck)             Checksum: 2A5C54FF7C8CAE495DA0A563DBF0A297;2966.
 ) 
Here is how much of TeX's memory you used:
 53537 strings out of 470158
 1260198 string characters out of 5484742
 1829629 words of memory out of 5000000
 80835 multiletter control sequences out of 15000+600000
 658988 words of font info for 106 fonts, out of 8000000 for 9000
 0 hyphenation exceptions out of 8191
 89i,10n,120p,2525b,1487s stack positions out of 10000i,1000n,20000p,200000b,200000s
</home/bremdow/.miktex/texmfs/install/fonts/type1/public/amsfonts/cm/cmb10.pf
b></home/bremdow/.miktex/texmfs/install/fonts/type1/public/amsfonts/cm/cmbsy10.
pfb></home/bremdow/.miktex/texmfs/install/fonts/type1/public/amsfonts/cm/cmr12.
pfb></home/bremdow/.miktex/texmfs/install/fonts/type1/public/amsfonts/cm/cmr17.
pfb></home/bremdow/.miktex/texmfs/install/fonts/type1/public/amsfonts/cm/cmsl12
.pfb></home/bremdow/.miktex/texmfs/install/fonts/type1/public/amsfonts/cm/cmti1
2.pfb>
Output written on main.pdf (17 pages, 844847 bytes).
PDF statistics:
 270 PDF objects out of 1000 (max. 8388607)
 49 named destinations out of 1000 (max. 500000)
 260 words of extra memory for PDF output out of 10000 (max. 10000000)

